[DEBUG] 2018-05-22 00:08:00.670 [pool-1-thread-1] BrowserFactory - Method called: getDriver
[INFO ] 2018-05-22 00:08:00.675 [pool-1-thread-1] BrowserFactory - Launching driver: googlechrome
[DEBUG] 2018-05-22 00:08:00.675 [pool-1-thread-1] BrowserFactory - Method called: createChromeDriver
[DEBUG] 2018-05-22 00:08:03.947 [pool-1-thread-1] BrowserFactory - Method called: getDriver
[INFO ] 2018-05-22 00:08:03.947 [pool-1-thread-1] BrowserFactory - Launching driver: googlechrome
[DEBUG] 2018-05-22 00:08:03.948 [pool-1-thread-1] BrowserFactory - Method called: createChromeDriver
[INFO ] 2018-05-22 00:08:05.503 [pool-1-thread-1] WalletHubApp - Initializing page objects...
[INFO ] 2018-05-22 00:08:05.577 [pool-1-thread-1] WalletHubApp - Page object initialization finished
[DEBUG] 2018-05-22 00:08:05.578 [pool-1-thread-1] WalletHubApp - Opening wallethub url: https://wallethub.com/
[INFO ] 2018-05-22 00:08:05.579 [pool-1-thread-1] WalletHubApp - URL: https://wallethub.com/
[INFO ] 2018-05-22 00:08:12.720 [pool-1-thread-1] WalletHubApp - Wallethub opened successfully
[DEBUG] 2018-05-22 00:08:12.720 [pool-1-thread-1] WalletHubApp - Login into the portal with email: ######### and password: #########
[DEBUG] 2018-05-22 00:08:23.951 [pool-1-thread-1] BrowserFactory - Method called: getDriver
[INFO ] 2018-05-22 00:08:23.952 [pool-1-thread-1] BrowserFactory - Launching driver: googlechrome
[DEBUG] 2018-05-22 00:08:23.952 [pool-1-thread-1] BrowserFactory - Method called: createChromeDriver
[INFO ] 2018-05-22 00:08:25.310 [pool-1-thread-1] WalletHubApp - Initializing page objects...
[INFO ] 2018-05-22 00:08:25.312 [pool-1-thread-1] WalletHubApp - Page object initialization finished
[DEBUG] 2018-05-22 00:08:25.312 [pool-1-thread-1] WalletHubApp - Opening wallethub url: https://wallethub.com/
[INFO ] 2018-05-22 00:08:25.312 [pool-1-thread-1] WalletHubApp - URL: https://wallethub.com/
[INFO ] 2018-05-22 00:08:31.492 [pool-1-thread-1] WalletHubApp - Wallethub opened successfully
[DEBUG] 2018-05-22 00:08:31.492 [pool-1-thread-1] WalletHubApp - Login into the portal with email: ######### and password: #########
[DEBUG] 2018-05-22 00:10:04.246 [pool-1-thread-1] BrowserFactory - Method called: getDriver
[INFO ] 2018-05-22 00:10:04.248 [pool-1-thread-1] BrowserFactory - Launching driver: googlechrome
[DEBUG] 2018-05-22 00:10:04.248 [pool-1-thread-1] BrowserFactory - Method called: createChromeDriver
[DEBUG] 2018-05-22 00:10:06.646 [pool-1-thread-1] BrowserFactory - Method called: getDriver
[INFO ] 2018-05-22 00:10:06.646 [pool-1-thread-1] BrowserFactory - Launching driver: googlechrome
[DEBUG] 2018-05-22 00:10:06.646 [pool-1-thread-1] BrowserFactory - Method called: createChromeDriver
[INFO ] 2018-05-22 00:10:07.764 [pool-1-thread-1] WalletHubApp - Initializing page objects...
[INFO ] 2018-05-22 00:10:07.858 [pool-1-thread-1] WalletHubApp - Page object initialization finished
[DEBUG] 2018-05-22 00:10:07.859 [pool-1-thread-1] WalletHubApp - Opening wallethub url: https://wallethub.com/
[INFO ] 2018-05-22 00:10:07.859 [pool-1-thread-1] WalletHubApp - URL: https://wallethub.com/
[INFO ] 2018-05-22 00:10:13.189 [pool-1-thread-1] WalletHubApp - Wallethub opened successfully
[DEBUG] 2018-05-22 00:10:13.189 [pool-1-thread-1] WalletHubApp - Login into the portal with email: ######### and password: #########
[DEBUG] 2018-05-22 00:10:17.523 [pool-1-thread-1] BrowserFactory - Method called: getDriver
[INFO ] 2018-05-22 00:10:17.524 [pool-1-thread-1] BrowserFactory - Launching driver: googlechrome
[DEBUG] 2018-05-22 00:10:17.524 [pool-1-thread-1] BrowserFactory - Method called: createChromeDriver
[INFO ] 2018-05-22 00:10:18.701 [pool-1-thread-1] WalletHubApp - Initializing page objects...
[INFO ] 2018-05-22 00:10:18.704 [pool-1-thread-1] WalletHubApp - Page object initialization finished
[DEBUG] 2018-05-22 00:10:18.704 [pool-1-thread-1] WalletHubApp - Opening wallethub url: https://wallethub.com/
[INFO ] 2018-05-22 00:10:18.704 [pool-1-thread-1] WalletHubApp - URL: https://wallethub.com/
[INFO ] 2018-05-22 00:10:23.094 [pool-1-thread-1] WalletHubApp - Wallethub opened successfully
[DEBUG] 2018-05-22 00:10:23.096 [pool-1-thread-1] WalletHubApp - Login into the portal with email: ######### and password: #########
[DEBUG] 2018-05-22 00:14:18.641 [pool-1-thread-1] BrowserFactory - Method called: getDriver
[INFO ] 2018-05-22 00:14:18.643 [pool-1-thread-1] BrowserFactory - Launching driver: googlechrome
[DEBUG] 2018-05-22 00:14:18.648 [pool-1-thread-1] BrowserFactory - Method called: createChromeDriver
[DEBUG] 2018-05-22 00:14:21.093 [pool-1-thread-1] BrowserFactory - Method called: getDriver
[INFO ] 2018-05-22 00:14:21.093 [pool-1-thread-1] BrowserFactory - Launching driver: googlechrome
[DEBUG] 2018-05-22 00:14:21.094 [pool-1-thread-1] BrowserFactory - Method called: createChromeDriver
[INFO ] 2018-05-22 00:14:22.334 [pool-1-thread-1] WalletHubApp - Initializing page objects...
[INFO ] 2018-05-22 00:14:22.386 [pool-1-thread-1] WalletHubApp - Page object initialization finished
[DEBUG] 2018-05-22 00:14:22.387 [pool-1-thread-1] WalletHubApp - Opening wallethub url: https://wallethub.com/
[INFO ] 2018-05-22 00:14:22.387 [pool-1-thread-1] WalletHubApp - URL: https://wallethub.com/
[INFO ] 2018-05-22 00:14:28.237 [pool-1-thread-1] WalletHubApp - Wallethub opened successfully
[DEBUG] 2018-05-22 00:14:28.237 [pool-1-thread-1] WalletHubApp - Login into the portal with email: ######### and password: #########
[DEBUG] 2018-05-22 00:14:32.251 [pool-1-thread-1] BrowserFactory - Method called: getDriver
[INFO ] 2018-05-22 00:14:32.251 [pool-1-thread-1] BrowserFactory - Launching driver: googlechrome
[DEBUG] 2018-05-22 00:14:32.251 [pool-1-thread-1] BrowserFactory - Method called: createChromeDriver
[DEBUG] 2018-05-22 00:15:25.562 [pool-1-thread-1] BrowserFactory - Method called: getDriver
[INFO ] 2018-05-22 00:15:25.564 [pool-1-thread-1] BrowserFactory - Launching driver: googlechrome
[DEBUG] 2018-05-22 00:15:25.564 [pool-1-thread-1] BrowserFactory - Method called: createChromeDriver
[INFO ] 2018-05-22 00:15:27.968 [pool-1-thread-1] WalletHubApp - Initializing page objects...
[INFO ] 2018-05-22 00:15:28.029 [pool-1-thread-1] WalletHubApp - Page object initialization finished
[DEBUG] 2018-05-22 00:15:28.029 [pool-1-thread-1] WalletHubApp - Opening wallethub url: https://wallethub.com/
[INFO ] 2018-05-22 00:15:28.030 [pool-1-thread-1] WalletHubApp - URL: https://wallethub.com/
[INFO ] 2018-05-22 00:15:33.620 [pool-1-thread-1] WalletHubApp - Wallethub opened successfully
[DEBUG] 2018-05-22 00:15:33.620 [pool-1-thread-1] WalletHubApp - Login into the portal with email: ######### and password: #########
[DEBUG] 2018-05-22 00:18:00.461 [pool-1-thread-1] BrowserFactory - Method called: getDriver
[INFO ] 2018-05-22 00:18:00.464 [pool-1-thread-1] BrowserFactory - Launching driver: googlechrome
[DEBUG] 2018-05-22 00:18:00.464 [pool-1-thread-1] BrowserFactory - Method called: createChromeDriver
[INFO ] 2018-05-22 00:18:02.773 [pool-1-thread-1] WalletHubApp - Initializing page objects...
[INFO ] 2018-05-22 00:18:02.823 [pool-1-thread-1] WalletHubApp - Page object initialization finished
[DEBUG] 2018-05-22 00:18:02.823 [pool-1-thread-1] WalletHubApp - Opening wallethub url: https://wallethub.com/
[INFO ] 2018-05-22 00:18:02.823 [pool-1-thread-1] WalletHubApp - URL: https://wallethub.com/
[INFO ] 2018-05-22 00:18:08.260 [pool-1-thread-1] WalletHubApp - Wallethub opened successfully
[DEBUG] 2018-05-22 00:18:08.260 [pool-1-thread-1] WalletHubApp - Login into the portal with email: ######### and password: #########
[DEBUG] 2018-05-22 21:13:30.063 [pool-1-thread-1] BrowserFactory - Method called: getDriver
[INFO ] 2018-05-22 21:13:30.066 [pool-1-thread-1] BrowserFactory - Launching driver: googlechrome
[DEBUG] 2018-05-22 21:13:30.066 [pool-1-thread-1] BrowserFactory - Method called: createChromeDriver
[DEBUG] 2018-05-22 21:13:33.058 [pool-1-thread-1] BrowserFactory - Method called: getDriver
[INFO ] 2018-05-22 21:13:33.058 [pool-1-thread-1] BrowserFactory - Launching driver: googlechrome
[DEBUG] 2018-05-22 21:13:33.058 [pool-1-thread-1] BrowserFactory - Method called: createChromeDriver
[INFO ] 2018-05-22 21:13:34.125 [pool-1-thread-1] WalletHubApp - Initializing page objects...
[INFO ] 2018-05-22 21:13:34.193 [pool-1-thread-1] WalletHubApp - Page object initialization finished
[DEBUG] 2018-05-22 21:13:34.193 [pool-1-thread-1] WalletHubApp - Opening wallethub url: https://wallethub.com/
[INFO ] 2018-05-22 21:13:34.195 [pool-1-thread-1] WalletHubApp - URL: https://wallethub.com/
[INFO ] 2018-05-22 21:13:50.781 [pool-1-thread-1] WalletHubApp - Wallethub opened successfully
[DEBUG] 2018-05-22 21:13:50.781 [pool-1-thread-1] WalletHubApp - Login into the portal with email: ######### and password: #########
[DEBUG] 2018-05-22 21:14:43.816 [pool-1-thread-1] BrowserFactory - Method called: getDriver
[INFO ] 2018-05-22 21:14:43.818 [pool-1-thread-1] BrowserFactory - Launching driver: googlechrome
[DEBUG] 2018-05-22 21:14:43.818 [pool-1-thread-1] BrowserFactory - Method called: createChromeDriver
[DEBUG] 2018-05-22 21:19:55.273 [pool-1-thread-1] BrowserFactory - Method called: getDriver
[INFO ] 2018-05-22 21:19:55.274 [pool-1-thread-1] BrowserFactory - Launching driver: googlechrome
[INFO ] 2018-05-22 21:19:55.273 [pool-1-thread-2] FacebookApp - Initializing page objects...
[DEBUG] 2018-05-22 21:19:55.275 [pool-1-thread-1] BrowserFactory - Method called: createChromeDriver
[ERROR] 2018-05-22 21:19:55.378 [pool-1-thread-2] FacebookStatusPost - Error
java.lang.NullPointerException
	at com.google.common.base.Preconditions.checkNotNull(Preconditions.java:787) ~[guava-23.0.jar:?]
	at org.openqa.selenium.support.ui.FluentWait.<init>(FluentWait.java:96) ~[selenium-support-3.8.1.jar:?]
	at org.openqa.selenium.support.ui.WebDriverWait.<init>(WebDriverWait.java:72) ~[selenium-support-3.8.1.jar:?]
	at org.openqa.selenium.support.ui.WebDriverWait.<init>(WebDriverWait.java:46) ~[selenium-support-3.8.1.jar:?]
	at io.jbehavetutorials.appmodule.facebook.FacebookApp.<init>(FacebookApp.java:41) ~[classes/:?]
	at io.jbehavetutorials.steps.facebook.FacebookStatusPost.iHaveAFacebookAccount(FacebookStatusPost.java:42) [classes/:?]
	at sun.reflect.NativeMethodAccessorImpl.invoke0(Native Method) ~[?:1.8.0_112]
	at sun.reflect.NativeMethodAccessorImpl.invoke(NativeMethodAccessorImpl.java:62) ~[?:1.8.0_112]
	at sun.reflect.DelegatingMethodAccessorImpl.invoke(DelegatingMethodAccessorImpl.java:43) ~[?:1.8.0_112]
	at java.lang.reflect.Method.invoke(Method.java:498) ~[?:1.8.0_112]
	at org.jbehave.core.steps.StepCreator$ParametrisedStep.perform(StepCreator.java:743) [jbehave-core-4.3.2.jar:?]
	at org.jbehave.core.embedder.PerformableTree$FineSoFar.run(PerformableTree.java:351) [jbehave-core-4.3.2.jar:?]
	at org.jbehave.core.embedder.PerformableTree$PerformableSteps.perform(PerformableTree.java:1165) [jbehave-core-4.3.2.jar:?]
	at org.jbehave.core.embedder.PerformableTree$AbstractPerformableScenario.performRestartableSteps(PerformableTree.java:1032) [jbehave-core-4.3.2.jar:?]
	at org.jbehave.core.embedder.PerformableTree$ExamplePerformableScenario.perform(PerformableTree.java:1097) [jbehave-core-4.3.2.jar:?]
	at org.jbehave.core.embedder.PerformableTree$PerformableScenario.perform(PerformableTree.java:962) [jbehave-core-4.3.2.jar:?]
	at org.jbehave.core.embedder.PerformableTree$PerformableStory.performScenarios(PerformableTree.java:867) [jbehave-core-4.3.2.jar:?]
	at org.jbehave.core.embedder.PerformableTree$PerformableStory.perform(PerformableTree.java:843) [jbehave-core-4.3.2.jar:?]
	at org.jbehave.core.embedder.PerformableTree.performCancellable(PerformableTree.java:427) [jbehave-core-4.3.2.jar:?]
	at org.jbehave.core.embedder.PerformableTree.perform(PerformableTree.java:398) [jbehave-core-4.3.2.jar:?]
	at org.jbehave.core.embedder.StoryManager$EnqueuedStory.call(StoryManager.java:292) [jbehave-core-4.3.2.jar:?]
	at org.jbehave.core.embedder.StoryManager$EnqueuedStory.call(StoryManager.java:266) [jbehave-core-4.3.2.jar:?]
	at java.util.concurrent.FutureTask.run(FutureTask.java:266) [?:1.8.0_112]
	at java.util.concurrent.ThreadPoolExecutor.runWorker(ThreadPoolExecutor.java:1142) [?:1.8.0_112]
	at java.util.concurrent.ThreadPoolExecutor$Worker.run(ThreadPoolExecutor.java:617) [?:1.8.0_112]
	at java.lang.Thread.run(Thread.java:745) [?:1.8.0_112]
[INFO ] 2018-05-22 21:22:10.641 [pool-1-thread-2] FacebookApp - Initializing page objects...
[DEBUG] 2018-05-22 21:22:10.645 [pool-1-thread-1] BrowserFactory - Method called: getDriver
[INFO ] 2018-05-22 21:22:10.645 [pool-1-thread-1] BrowserFactory - Launching driver: googlechrome
[DEBUG] 2018-05-22 21:22:10.646 [pool-1-thread-1] BrowserFactory - Method called: createChromeDriver
[ERROR] 2018-05-22 21:22:10.720 [pool-1-thread-2] FacebookStatusPost - Error
java.lang.NullPointerException
	at com.google.common.base.Preconditions.checkNotNull(Preconditions.java:787) ~[guava-23.0.jar:?]
	at org.openqa.selenium.support.ui.FluentWait.<init>(FluentWait.java:96) ~[selenium-support-3.8.1.jar:?]
	at org.openqa.selenium.support.ui.WebDriverWait.<init>(WebDriverWait.java:72) ~[selenium-support-3.8.1.jar:?]
	at org.openqa.selenium.support.ui.WebDriverWait.<init>(WebDriverWait.java:46) ~[selenium-support-3.8.1.jar:?]
	at io.jbehavetutorials.appmodule.facebook.FacebookApp.<init>(FacebookApp.java:41) ~[classes/:?]
	at io.jbehavetutorials.steps.facebook.FacebookStatusPost.iHaveAFacebookAccount(FacebookStatusPost.java:43) [classes/:?]
	at sun.reflect.NativeMethodAccessorImpl.invoke0(Native Method) ~[?:1.8.0_112]
	at sun.reflect.NativeMethodAccessorImpl.invoke(NativeMethodAccessorImpl.java:62) ~[?:1.8.0_112]
	at sun.reflect.DelegatingMethodAccessorImpl.invoke(DelegatingMethodAccessorImpl.java:43) ~[?:1.8.0_112]
	at java.lang.reflect.Method.invoke(Method.java:498) ~[?:1.8.0_112]
	at org.jbehave.core.steps.StepCreator$ParametrisedStep.perform(StepCreator.java:743) [jbehave-core-4.3.2.jar:?]
	at org.jbehave.core.embedder.PerformableTree$FineSoFar.run(PerformableTree.java:351) [jbehave-core-4.3.2.jar:?]
	at org.jbehave.core.embedder.PerformableTree$PerformableSteps.perform(PerformableTree.java:1165) [jbehave-core-4.3.2.jar:?]
	at org.jbehave.core.embedder.PerformableTree$AbstractPerformableScenario.performRestartableSteps(PerformableTree.java:1032) [jbehave-core-4.3.2.jar:?]
	at org.jbehave.core.embedder.PerformableTree$ExamplePerformableScenario.perform(PerformableTree.java:1097) [jbehave-core-4.3.2.jar:?]
	at org.jbehave.core.embedder.PerformableTree$PerformableScenario.perform(PerformableTree.java:962) [jbehave-core-4.3.2.jar:?]
	at org.jbehave.core.embedder.PerformableTree$PerformableStory.performScenarios(PerformableTree.java:867) [jbehave-core-4.3.2.jar:?]
	at org.jbehave.core.embedder.PerformableTree$PerformableStory.perform(PerformableTree.java:843) [jbehave-core-4.3.2.jar:?]
	at org.jbehave.core.embedder.PerformableTree.performCancellable(PerformableTree.java:427) [jbehave-core-4.3.2.jar:?]
	at org.jbehave.core.embedder.PerformableTree.perform(PerformableTree.java:398) [jbehave-core-4.3.2.jar:?]
	at org.jbehave.core.embedder.StoryManager$EnqueuedStory.call(StoryManager.java:292) [jbehave-core-4.3.2.jar:?]
	at org.jbehave.core.embedder.StoryManager$EnqueuedStory.call(StoryManager.java:266) [jbehave-core-4.3.2.jar:?]
	at java.util.concurrent.FutureTask.run(FutureTask.java:266) [?:1.8.0_112]
	at java.util.concurrent.ThreadPoolExecutor.runWorker(ThreadPoolExecutor.java:1142) [?:1.8.0_112]
	at java.util.concurrent.ThreadPoolExecutor$Worker.run(ThreadPoolExecutor.java:617) [?:1.8.0_112]
	at java.lang.Thread.run(Thread.java:745) [?:1.8.0_112]
[DEBUG] 2018-05-22 21:23:05.981 [pool-1-thread-1] BrowserFactory - Method called: getDriver
[INFO ] 2018-05-22 21:23:05.983 [pool-1-thread-1] BrowserFactory - Launching driver: googlechrome
[DEBUG] 2018-05-22 21:23:05.983 [pool-1-thread-1] BrowserFactory - Method called: createChromeDriver
[INFO ] 2018-05-22 21:23:05.984 [pool-1-thread-2] FacebookApp - Initializing page objects...
[ERROR] 2018-05-22 21:23:06.078 [pool-1-thread-2] FacebookStatusPost - Error
java.lang.NullPointerException
	at com.google.common.base.Preconditions.checkNotNull(Preconditions.java:787) ~[guava-23.0.jar:?]
	at org.openqa.selenium.support.ui.FluentWait.<init>(FluentWait.java:96) ~[selenium-support-3.8.1.jar:?]
	at org.openqa.selenium.support.ui.WebDriverWait.<init>(WebDriverWait.java:72) ~[selenium-support-3.8.1.jar:?]
	at org.openqa.selenium.support.ui.WebDriverWait.<init>(WebDriverWait.java:46) ~[selenium-support-3.8.1.jar:?]
	at io.jbehavetutorials.appmodule.facebook.FacebookApp.<init>(FacebookApp.java:41) ~[classes/:?]
	at io.jbehavetutorials.steps.facebook.FacebookStatusPost.iHaveAFacebookAccount(FacebookStatusPost.java:43) [classes/:?]
	at sun.reflect.NativeMethodAccessorImpl.invoke0(Native Method) ~[?:1.8.0_112]
	at sun.reflect.NativeMethodAccessorImpl.invoke(NativeMethodAccessorImpl.java:62) ~[?:1.8.0_112]
	at sun.reflect.DelegatingMethodAccessorImpl.invoke(DelegatingMethodAccessorImpl.java:43) ~[?:1.8.0_112]
	at java.lang.reflect.Method.invoke(Method.java:498) ~[?:1.8.0_112]
	at org.jbehave.core.steps.StepCreator$ParametrisedStep.perform(StepCreator.java:743) [jbehave-core-4.3.2.jar:?]
	at org.jbehave.core.embedder.PerformableTree$FineSoFar.run(PerformableTree.java:351) [jbehave-core-4.3.2.jar:?]
	at org.jbehave.core.embedder.PerformableTree$PerformableSteps.perform(PerformableTree.java:1165) [jbehave-core-4.3.2.jar:?]
	at org.jbehave.core.embedder.PerformableTree$AbstractPerformableScenario.performRestartableSteps(PerformableTree.java:1032) [jbehave-core-4.3.2.jar:?]
	at org.jbehave.core.embedder.PerformableTree$ExamplePerformableScenario.perform(PerformableTree.java:1097) [jbehave-core-4.3.2.jar:?]
	at org.jbehave.core.embedder.PerformableTree$PerformableScenario.perform(PerformableTree.java:962) [jbehave-core-4.3.2.jar:?]
	at org.jbehave.core.embedder.PerformableTree$PerformableStory.performScenarios(PerformableTree.java:867) [jbehave-core-4.3.2.jar:?]
	at org.jbehave.core.embedder.PerformableTree$PerformableStory.perform(PerformableTree.java:843) [jbehave-core-4.3.2.jar:?]
	at org.jbehave.core.embedder.PerformableTree.performCancellable(PerformableTree.java:427) [jbehave-core-4.3.2.jar:?]
	at org.jbehave.core.embedder.PerformableTree.perform(PerformableTree.java:398) [jbehave-core-4.3.2.jar:?]
	at org.jbehave.core.embedder.StoryManager$EnqueuedStory.call(StoryManager.java:292) [jbehave-core-4.3.2.jar:?]
	at org.jbehave.core.embedder.StoryManager$EnqueuedStory.call(StoryManager.java:266) [jbehave-core-4.3.2.jar:?]
	at java.util.concurrent.FutureTask.run(FutureTask.java:266) [?:1.8.0_112]
	at java.util.concurrent.ThreadPoolExecutor.runWorker(ThreadPoolExecutor.java:1142) [?:1.8.0_112]
	at java.util.concurrent.ThreadPoolExecutor$Worker.run(ThreadPoolExecutor.java:617) [?:1.8.0_112]
	at java.lang.Thread.run(Thread.java:745) [?:1.8.0_112]
[INFO ] 2018-05-22 21:25:21.541 [pool-1-thread-2] FacebookApp - Initializing page objects...
[DEBUG] 2018-05-22 21:25:21.544 [pool-1-thread-1] BrowserFactory - Method called: getDriver
[INFO ] 2018-05-22 21:25:21.544 [pool-1-thread-1] BrowserFactory - Launching driver: googlechrome
[DEBUG] 2018-05-22 21:25:21.544 [pool-1-thread-1] BrowserFactory - Method called: createChromeDriver
[ERROR] 2018-05-22 21:25:21.599 [pool-1-thread-2] FacebookStatusPost - Error
java.lang.NullPointerException
	at com.google.common.base.Preconditions.checkNotNull(Preconditions.java:787) ~[guava-23.0.jar:?]
	at org.openqa.selenium.support.ui.FluentWait.<init>(FluentWait.java:96) ~[selenium-support-3.8.1.jar:?]
	at org.openqa.selenium.support.ui.WebDriverWait.<init>(WebDriverWait.java:72) ~[selenium-support-3.8.1.jar:?]
	at org.openqa.selenium.support.ui.WebDriverWait.<init>(WebDriverWait.java:46) ~[selenium-support-3.8.1.jar:?]
	at io.jbehavetutorials.appmodule.facebook.FacebookApp.<init>(FacebookApp.java:41) ~[classes/:?]
	at io.jbehavetutorials.steps.facebook.FacebookStatusPost.iHaveAFacebookAccount(FacebookStatusPost.java:43) [classes/:?]
	at sun.reflect.NativeMethodAccessorImpl.invoke0(Native Method) ~[?:1.8.0_112]
	at sun.reflect.NativeMethodAccessorImpl.invoke(NativeMethodAccessorImpl.java:62) ~[?:1.8.0_112]
	at sun.reflect.DelegatingMethodAccessorImpl.invoke(DelegatingMethodAccessorImpl.java:43) ~[?:1.8.0_112]
	at java.lang.reflect.Method.invoke(Method.java:498) ~[?:1.8.0_112]
	at org.jbehave.core.steps.StepCreator$ParametrisedStep.perform(StepCreator.java:743) [jbehave-core-4.3.2.jar:?]
	at org.jbehave.core.embedder.PerformableTree$FineSoFar.run(PerformableTree.java:351) [jbehave-core-4.3.2.jar:?]
	at org.jbehave.core.embedder.PerformableTree$PerformableSteps.perform(PerformableTree.java:1165) [jbehave-core-4.3.2.jar:?]
	at org.jbehave.core.embedder.PerformableTree$AbstractPerformableScenario.performRestartableSteps(PerformableTree.java:1032) [jbehave-core-4.3.2.jar:?]
	at org.jbehave.core.embedder.PerformableTree$ExamplePerformableScenario.perform(PerformableTree.java:1097) [jbehave-core-4.3.2.jar:?]
	at org.jbehave.core.embedder.PerformableTree$PerformableScenario.perform(PerformableTree.java:962) [jbehave-core-4.3.2.jar:?]
	at org.jbehave.core.embedder.PerformableTree$PerformableStory.performScenarios(PerformableTree.java:867) [jbehave-core-4.3.2.jar:?]
	at org.jbehave.core.embedder.PerformableTree$PerformableStory.perform(PerformableTree.java:843) [jbehave-core-4.3.2.jar:?]
	at org.jbehave.core.embedder.PerformableTree.performCancellable(PerformableTree.java:427) [jbehave-core-4.3.2.jar:?]
	at org.jbehave.core.embedder.PerformableTree.perform(PerformableTree.java:398) [jbehave-core-4.3.2.jar:?]
	at org.jbehave.core.embedder.StoryManager$EnqueuedStory.call(StoryManager.java:292) [jbehave-core-4.3.2.jar:?]
	at org.jbehave.core.embedder.StoryManager$EnqueuedStory.call(StoryManager.java:266) [jbehave-core-4.3.2.jar:?]
	at java.util.concurrent.FutureTask.run(FutureTask.java:266) [?:1.8.0_112]
	at java.util.concurrent.ThreadPoolExecutor.runWorker(ThreadPoolExecutor.java:1142) [?:1.8.0_112]
	at java.util.concurrent.ThreadPoolExecutor$Worker.run(ThreadPoolExecutor.java:617) [?:1.8.0_112]
	at java.lang.Thread.run(Thread.java:745) [?:1.8.0_112]
[DEBUG] 2018-05-22 21:26:59.900 [pool-1-thread-1] BrowserFactory - Method called: getDriver
[INFO ] 2018-05-22 21:26:59.901 [pool-1-thread-2] FacebookApp - Initializing page objects...
[INFO ] 2018-05-22 21:26:59.902 [pool-1-thread-1] BrowserFactory - Launching driver: googlechrome
[DEBUG] 2018-05-22 21:26:59.903 [pool-1-thread-1] BrowserFactory - Method called: createChromeDriver
[ERROR] 2018-05-22 21:27:04.377 [pool-1-thread-2] FacebookStatusPost - Error
java.lang.NullPointerException
	at com.google.common.base.Preconditions.checkNotNull(Preconditions.java:787) ~[guava-23.0.jar:?]
	at org.openqa.selenium.support.ui.FluentWait.<init>(FluentWait.java:96) ~[selenium-support-3.8.1.jar:?]
	at org.openqa.selenium.support.ui.WebDriverWait.<init>(WebDriverWait.java:72) ~[selenium-support-3.8.1.jar:?]
	at org.openqa.selenium.support.ui.WebDriverWait.<init>(WebDriverWait.java:46) ~[selenium-support-3.8.1.jar:?]
	at io.jbehavetutorials.appmodule.facebook.FacebookApp.<init>(FacebookApp.java:41) ~[classes/:?]
	at io.jbehavetutorials.steps.facebook.FacebookStatusPost.iHaveAFacebookAccount(FacebookStatusPost.java:43) [classes/:?]
	at sun.reflect.NativeMethodAccessorImpl.invoke0(Native Method) ~[?:1.8.0_112]
	at sun.reflect.NativeMethodAccessorImpl.invoke(NativeMethodAccessorImpl.java:62) ~[?:1.8.0_112]
	at sun.reflect.DelegatingMethodAccessorImpl.invoke(DelegatingMethodAccessorImpl.java:43) ~[?:1.8.0_112]
	at java.lang.reflect.Method.invoke(Method.java:498) ~[?:1.8.0_112]
	at org.jbehave.core.steps.StepCreator$ParametrisedStep.perform(StepCreator.java:743) [jbehave-core-4.3.2.jar:?]
	at org.jbehave.core.embedder.PerformableTree$FineSoFar.run(PerformableTree.java:351) [jbehave-core-4.3.2.jar:?]
	at org.jbehave.core.embedder.PerformableTree$PerformableSteps.perform(PerformableTree.java:1165) [jbehave-core-4.3.2.jar:?]
	at org.jbehave.core.embedder.PerformableTree$AbstractPerformableScenario.performRestartableSteps(PerformableTree.java:1032) [jbehave-core-4.3.2.jar:?]
	at org.jbehave.core.embedder.PerformableTree$ExamplePerformableScenario.perform(PerformableTree.java:1097) [jbehave-core-4.3.2.jar:?]
	at org.jbehave.core.embedder.PerformableTree$PerformableScenario.perform(PerformableTree.java:962) [jbehave-core-4.3.2.jar:?]
	at org.jbehave.core.embedder.PerformableTree$PerformableStory.performScenarios(PerformableTree.java:867) [jbehave-core-4.3.2.jar:?]
	at org.jbehave.core.embedder.PerformableTree$PerformableStory.perform(PerformableTree.java:843) [jbehave-core-4.3.2.jar:?]
	at org.jbehave.core.embedder.PerformableTree.performCancellable(PerformableTree.java:427) [jbehave-core-4.3.2.jar:?]
	at org.jbehave.core.embedder.PerformableTree.perform(PerformableTree.java:398) [jbehave-core-4.3.2.jar:?]
	at org.jbehave.core.embedder.StoryManager$EnqueuedStory.call(StoryManager.java:292) [jbehave-core-4.3.2.jar:?]
	at org.jbehave.core.embedder.StoryManager$EnqueuedStory.call(StoryManager.java:266) [jbehave-core-4.3.2.jar:?]
	at java.util.concurrent.FutureTask.run(FutureTask.java:266) [?:1.8.0_112]
	at java.util.concurrent.ThreadPoolExecutor.runWorker(ThreadPoolExecutor.java:1142) [?:1.8.0_112]
	at java.util.concurrent.ThreadPoolExecutor$Worker.run(ThreadPoolExecutor.java:617) [?:1.8.0_112]
	at java.lang.Thread.run(Thread.java:745) [?:1.8.0_112]
[DEBUG] 2018-05-22 21:30:15.077 [pool-1-thread-2] BrowserFactory - Method called: getDriver
[DEBUG] 2018-05-22 21:30:15.077 [pool-1-thread-1] BrowserFactory - Method called: getDriver
[INFO ] 2018-05-22 21:30:15.079 [pool-1-thread-2] BrowserFactory - Launching driver: googlechrome
[DEBUG] 2018-05-22 21:30:15.079 [pool-1-thread-2] BrowserFactory - Method called: createChromeDriver
[INFO ] 2018-05-22 21:30:15.079 [pool-1-thread-1] BrowserFactory - Launching driver: googlechrome
[DEBUG] 2018-05-22 21:30:15.080 [pool-1-thread-1] BrowserFactory - Method called: createChromeDriver
[INFO ] 2018-05-22 21:30:18.121 [pool-1-thread-2] FacebookApp - Initializing page objects...
[ERROR] 2018-05-22 21:30:18.216 [pool-1-thread-2] FacebookStatusPost - Error
java.lang.NullPointerException
	at com.google.common.base.Preconditions.checkNotNull(Preconditions.java:787) ~[guava-23.0.jar:?]
	at org.openqa.selenium.support.ui.FluentWait.<init>(FluentWait.java:96) ~[selenium-support-3.8.1.jar:?]
	at org.openqa.selenium.support.ui.WebDriverWait.<init>(WebDriverWait.java:72) ~[selenium-support-3.8.1.jar:?]
	at org.openqa.selenium.support.ui.WebDriverWait.<init>(WebDriverWait.java:46) ~[selenium-support-3.8.1.jar:?]
	at io.jbehavetutorials.appmodule.facebook.FacebookApp.<init>(FacebookApp.java:41) ~[classes/:?]
	at io.jbehavetutorials.steps.facebook.FacebookStatusPost.iHaveAFacebookAccount(FacebookStatusPost.java:43) [classes/:?]
	at sun.reflect.NativeMethodAccessorImpl.invoke0(Native Method) ~[?:1.8.0_112]
	at sun.reflect.NativeMethodAccessorImpl.invoke(NativeMethodAccessorImpl.java:62) ~[?:1.8.0_112]
	at sun.reflect.DelegatingMethodAccessorImpl.invoke(DelegatingMethodAccessorImpl.java:43) ~[?:1.8.0_112]
	at java.lang.reflect.Method.invoke(Method.java:498) ~[?:1.8.0_112]
	at org.jbehave.core.steps.StepCreator$ParametrisedStep.perform(StepCreator.java:743) [jbehave-core-4.3.2.jar:?]
	at org.jbehave.core.embedder.PerformableTree$FineSoFar.run(PerformableTree.java:351) [jbehave-core-4.3.2.jar:?]
	at org.jbehave.core.embedder.PerformableTree$PerformableSteps.perform(PerformableTree.java:1165) [jbehave-core-4.3.2.jar:?]
	at org.jbehave.core.embedder.PerformableTree$AbstractPerformableScenario.performRestartableSteps(PerformableTree.java:1032) [jbehave-core-4.3.2.jar:?]
	at org.jbehave.core.embedder.PerformableTree$ExamplePerformableScenario.perform(PerformableTree.java:1097) [jbehave-core-4.3.2.jar:?]
	at org.jbehave.core.embedder.PerformableTree$PerformableScenario.perform(PerformableTree.java:962) [jbehave-core-4.3.2.jar:?]
	at org.jbehave.core.embedder.PerformableTree$PerformableStory.performScenarios(PerformableTree.java:867) [jbehave-core-4.3.2.jar:?]
	at org.jbehave.core.embedder.PerformableTree$PerformableStory.perform(PerformableTree.java:843) [jbehave-core-4.3.2.jar:?]
	at org.jbehave.core.embedder.PerformableTree.performCancellable(PerformableTree.java:427) [jbehave-core-4.3.2.jar:?]
	at org.jbehave.core.embedder.PerformableTree.perform(PerformableTree.java:398) [jbehave-core-4.3.2.jar:?]
	at org.jbehave.core.embedder.StoryManager$EnqueuedStory.call(StoryManager.java:292) [jbehave-core-4.3.2.jar:?]
	at org.jbehave.core.embedder.StoryManager$EnqueuedStory.call(StoryManager.java:266) [jbehave-core-4.3.2.jar:?]
	at java.util.concurrent.FutureTask.run(FutureTask.java:266) [?:1.8.0_112]
	at java.util.concurrent.ThreadPoolExecutor.runWorker(ThreadPoolExecutor.java:1142) [?:1.8.0_112]
	at java.util.concurrent.ThreadPoolExecutor$Worker.run(ThreadPoolExecutor.java:617) [?:1.8.0_112]
	at java.lang.Thread.run(Thread.java:745) [?:1.8.0_112]
[DEBUG] 2018-05-22 21:30:33.697 [pool-1-thread-2] BrowserFactory - Method called: getDriver
[INFO ] 2018-05-22 21:30:33.697 [pool-1-thread-2] BrowserFactory - Launching driver: googlechrome
[DEBUG] 2018-05-22 21:30:33.697 [pool-1-thread-2] BrowserFactory - Method called: createChromeDriver
[DEBUG] 2018-05-22 21:32:27.593 [pool-1-thread-1] BrowserFactory - Method called: getDriver
[INFO ] 2018-05-22 21:32:27.602 [pool-1-thread-1] BrowserFactory - Launching driver: googlechrome
[DEBUG] 2018-05-22 21:32:27.604 [pool-1-thread-1] BrowserFactory - Method called: createChromeDriver
[DEBUG] 2018-05-22 21:33:38.652 [pool-1-thread-1] BrowserFactory - Method called: getDriver
[INFO ] 2018-05-22 21:33:38.653 [pool-1-thread-1] BrowserFactory - Launching driver: googlechrome
[DEBUG] 2018-05-22 21:33:38.653 [pool-1-thread-1] BrowserFactory - Method called: createChromeDriver
[INFO ] 2018-05-22 21:33:44.914 [pool-1-thread-1] FacebookApp - Initializing page objects...
[ERROR] 2018-05-22 21:33:45.064 [pool-1-thread-1] FacebookStatusPost - Error
java.lang.NullPointerException
	at com.google.common.base.Preconditions.checkNotNull(Preconditions.java:787) ~[guava-23.0.jar:?]
	at org.openqa.selenium.support.ui.FluentWait.<init>(FluentWait.java:96) ~[selenium-support-3.8.1.jar:?]
	at org.openqa.selenium.support.ui.WebDriverWait.<init>(WebDriverWait.java:72) ~[selenium-support-3.8.1.jar:?]
	at org.openqa.selenium.support.ui.WebDriverWait.<init>(WebDriverWait.java:46) ~[selenium-support-3.8.1.jar:?]
	at io.jbehavetutorials.appmodule.facebook.FacebookApp.<init>(FacebookApp.java:41) ~[classes/:?]
	at io.jbehavetutorials.steps.facebook.FacebookStatusPost.iHaveAFacebookAccount(FacebookStatusPost.java:43) [classes/:?]
	at sun.reflect.NativeMethodAccessorImpl.invoke0(Native Method) ~[?:1.8.0_112]
	at sun.reflect.NativeMethodAccessorImpl.invoke(NativeMethodAccessorImpl.java:62) ~[?:1.8.0_112]
	at sun.reflect.DelegatingMethodAccessorImpl.invoke(DelegatingMethodAccessorImpl.java:43) ~[?:1.8.0_112]
	at java.lang.reflect.Method.invoke(Method.java:498) ~[?:1.8.0_112]
	at org.jbehave.core.steps.StepCreator$ParametrisedStep.perform(StepCreator.java:743) [jbehave-core-4.3.2.jar:?]
	at org.jbehave.core.embedder.PerformableTree$FineSoFar.run(PerformableTree.java:351) [jbehave-core-4.3.2.jar:?]
	at org.jbehave.core.embedder.PerformableTree$PerformableSteps.perform(PerformableTree.java:1165) [jbehave-core-4.3.2.jar:?]
	at org.jbehave.core.embedder.PerformableTree$AbstractPerformableScenario.performRestartableSteps(PerformableTree.java:1032) [jbehave-core-4.3.2.jar:?]
	at org.jbehave.core.embedder.PerformableTree$ExamplePerformableScenario.perform(PerformableTree.java:1097) [jbehave-core-4.3.2.jar:?]
	at org.jbehave.core.embedder.PerformableTree$PerformableScenario.perform(PerformableTree.java:962) [jbehave-core-4.3.2.jar:?]
	at org.jbehave.core.embedder.PerformableTree$PerformableStory.performScenarios(PerformableTree.java:867) [jbehave-core-4.3.2.jar:?]
	at org.jbehave.core.embedder.PerformableTree$PerformableStory.perform(PerformableTree.java:843) [jbehave-core-4.3.2.jar:?]
	at org.jbehave.core.embedder.PerformableTree.performCancellable(PerformableTree.java:427) [jbehave-core-4.3.2.jar:?]
	at org.jbehave.core.embedder.PerformableTree.perform(PerformableTree.java:398) [jbehave-core-4.3.2.jar:?]
	at org.jbehave.core.embedder.StoryManager$EnqueuedStory.call(StoryManager.java:292) [jbehave-core-4.3.2.jar:?]
	at org.jbehave.core.embedder.StoryManager$EnqueuedStory.call(StoryManager.java:266) [jbehave-core-4.3.2.jar:?]
	at java.util.concurrent.FutureTask.run(FutureTask.java:266) [?:1.8.0_112]
	at java.util.concurrent.ThreadPoolExecutor.runWorker(ThreadPoolExecutor.java:1142) [?:1.8.0_112]
	at java.util.concurrent.ThreadPoolExecutor$Worker.run(ThreadPoolExecutor.java:617) [?:1.8.0_112]
	at java.lang.Thread.run(Thread.java:745) [?:1.8.0_112]
[DEBUG] 2018-05-22 21:33:47.011 [pool-1-thread-1] BrowserFactory - Method called: getDriver
[INFO ] 2018-05-22 21:33:47.012 [pool-1-thread-1] BrowserFactory - Launching driver: googlechrome
[DEBUG] 2018-05-22 21:33:47.013 [pool-1-thread-1] BrowserFactory - Method called: createChromeDriver
[DEBUG] 2018-05-22 21:35:49.350 [pool-2-thread-1] BrowserFactory - Method called: getDriver
[INFO ] 2018-05-22 21:35:49.357 [pool-2-thread-1] BrowserFactory - Launching driver: googlechrome
[DEBUG] 2018-05-22 21:35:49.358 [pool-2-thread-1] BrowserFactory - Method called: createChromeDriver
[DEBUG] 2018-05-22 21:38:37.003 [pool-2-thread-1] BrowserFactory - Method called: getDriver
[INFO ] 2018-05-22 21:38:37.008 [pool-2-thread-1] BrowserFactory - Launching driver: googlechrome
[DEBUG] 2018-05-22 21:38:37.009 [pool-2-thread-1] BrowserFactory - Method called: createChromeDriver
[DEBUG] 2018-05-22 21:39:42.049 [pool-2-thread-1] BrowserFactory - Method called: getDriver
[INFO ] 2018-05-22 21:39:42.052 [pool-2-thread-1] BrowserFactory - Launching driver: googlechrome
[DEBUG] 2018-05-22 21:39:42.053 [pool-2-thread-1] BrowserFactory - Method called: createChromeDriver
[INFO ] 2018-05-22 21:39:54.069 [pool-2-thread-1] FacebookApp - Initializing page objects...
[INFO ] 2018-05-22 21:39:54.370 [pool-2-thread-1] FacebookApp - Page object initialization finished
[DEBUG] 2018-05-22 21:40:05.645 [pool-2-thread-1] FacebookApp - Opening facebook url: www.facebook.com
[ERROR] 2018-05-22 21:40:05.646 [pool-2-thread-1] FacebookStatusPost - Error occurred
java.net.MalformedURLException: no protocol: www.facebook.com
	at java.net.URL.<init>(URL.java:593) ~[?:1.8.0_112]
	at java.net.URL.<init>(URL.java:490) ~[?:1.8.0_112]
	at java.net.URL.<init>(URL.java:439) ~[?:1.8.0_112]
	at io.jbehavetutorials.appmodule.facebook.FacebookApp.open(FacebookApp.java:47) ~[classes/:?]
	at io.jbehavetutorials.steps.facebook.FacebookStatusPost.iOpenFacebookInMyWebBrowser(FacebookStatusPost.java:57) [classes/:?]
	at sun.reflect.NativeMethodAccessorImpl.invoke0(Native Method) ~[?:1.8.0_112]
	at sun.reflect.NativeMethodAccessorImpl.invoke(NativeMethodAccessorImpl.java:62) ~[?:1.8.0_112]
	at sun.reflect.DelegatingMethodAccessorImpl.invoke(DelegatingMethodAccessorImpl.java:43) ~[?:1.8.0_112]
	at java.lang.reflect.Method.invoke(Method.java:498) ~[?:1.8.0_112]
	at org.jbehave.core.steps.StepCreator$ParametrisedStep.perform(StepCreator.java:743) [jbehave-core-4.3.2.jar:?]
	at org.jbehave.core.embedder.PerformableTree$FineSoFar.run(PerformableTree.java:351) [jbehave-core-4.3.2.jar:?]
	at org.jbehave.core.embedder.PerformableTree$PerformableSteps.perform(PerformableTree.java:1165) [jbehave-core-4.3.2.jar:?]
	at org.jbehave.core.embedder.PerformableTree$AbstractPerformableScenario.performRestartableSteps(PerformableTree.java:1032) [jbehave-core-4.3.2.jar:?]
	at org.jbehave.core.embedder.PerformableTree$ExamplePerformableScenario.perform(PerformableTree.java:1097) [jbehave-core-4.3.2.jar:?]
	at org.jbehave.core.embedder.PerformableTree$PerformableScenario.perform(PerformableTree.java:962) [jbehave-core-4.3.2.jar:?]
	at org.jbehave.core.embedder.PerformableTree$PerformableStory.performScenarios(PerformableTree.java:867) [jbehave-core-4.3.2.jar:?]
	at org.jbehave.core.embedder.PerformableTree$PerformableStory.perform(PerformableTree.java:843) [jbehave-core-4.3.2.jar:?]
	at org.jbehave.core.embedder.PerformableTree.performCancellable(PerformableTree.java:427) [jbehave-core-4.3.2.jar:?]
	at org.jbehave.core.embedder.PerformableTree.perform(PerformableTree.java:398) [jbehave-core-4.3.2.jar:?]
	at org.jbehave.core.embedder.StoryManager$EnqueuedStory.call(StoryManager.java:292) [jbehave-core-4.3.2.jar:?]
	at org.jbehave.core.embedder.StoryManager$EnqueuedStory.call(StoryManager.java:266) [jbehave-core-4.3.2.jar:?]
	at java.util.concurrent.FutureTask.run(FutureTask.java:266) [?:1.8.0_112]
	at java.util.concurrent.ThreadPoolExecutor.runWorker(ThreadPoolExecutor.java:1142) [?:1.8.0_112]
	at java.util.concurrent.ThreadPoolExecutor$Worker.run(ThreadPoolExecutor.java:617) [?:1.8.0_112]
	at java.lang.Thread.run(Thread.java:745) [?:1.8.0_112]
[DEBUG] 2018-05-22 21:40:05.664 [pool-2-thread-1] FacebookApp - Login into the portal with email: 9851039987 and password: magicalme2287
[ERROR] 2018-05-22 21:40:15.766 [pool-2-thread-1] FacebookStatusPost - Error occurred
org.openqa.selenium.NoSuchElementException: no such element: Unable to locate element: {"method":"id","selector":"email"}
  (Session info: chrome=66.0.3359.181)
  (Driver info: chromedriver=2.33.506106 (8a06c39c4582fbfbab6966dbb1c38a9173bfb1a2),platform=Mac OS X 10.13.4 x86_64) (WARNING: The server did not provide any stacktrace information)
Command duration or timeout: 0 milliseconds
For documentation on this error, please visit: http://seleniumhq.org/exceptions/no_such_element.html
Build info: version: '3.8.1', revision: '6e95a6684b', time: '2017-12-01T18:33:54.468Z'
System info: host: 'Prasantas-MacBook-Pro.local', ip: '100.102.149.249', os.name: 'Mac OS X', os.arch: 'x86_64', os.version: '10.13.4', java.version: '1.8.0_112'
Driver info: org.openqa.selenium.chrome.ChromeDriver
Capabilities {acceptSslCerts: true, applicationCacheEnabled: false, browserConnectionEnabled: false, browserName: chrome, chrome: {chromedriverVersion: 2.33.506106 (8a06c39c4582fb..., userDataDir: /var/folders/66/r6f0wntx1h5...}, cssSelectorsEnabled: true, databaseEnabled: false, handlesAlerts: true, hasTouchScreen: false, javascriptEnabled: true, locationContextEnabled: true, mobileEmulationEnabled: false, nativeEvents: true, networkConnectionEnabled: false, pageLoadStrategy: normal, platform: MAC, platformName: MAC, rotatable: false, setWindowRect: true, takesHeapSnapshot: true, takesScreenshot: true, unexpectedAlertBehaviour: , unhandledPromptBehavior: , version: 66.0.3359.181, webStorageEnabled: true}
Session ID: abf5f50cca7797eef9b3a005145a32d1
*** Element info: {Using=id, value=email}
	at sun.reflect.NativeConstructorAccessorImpl.newInstance0(Native Method) ~[?:1.8.0_112]
	at sun.reflect.NativeConstructorAccessorImpl.newInstance(NativeConstructorAccessorImpl.java:62) ~[?:1.8.0_112]
	at sun.reflect.DelegatingConstructorAccessorImpl.newInstance(DelegatingConstructorAccessorImpl.java:45) ~[?:1.8.0_112]
	at java.lang.reflect.Constructor.newInstance(Constructor.java:423) ~[?:1.8.0_112]
	at org.openqa.selenium.remote.ErrorHandler.createThrowable(ErrorHandler.java:214) ~[selenium-remote-driver-3.8.1.jar:?]
	at org.openqa.selenium.remote.ErrorHandler.throwIfResponseFailed(ErrorHandler.java:166) ~[selenium-remote-driver-3.8.1.jar:?]
	at org.openqa.selenium.remote.http.JsonHttpResponseCodec.reconstructValue(JsonHttpResponseCodec.java:40) ~[selenium-remote-driver-3.8.1.jar:?]
	at org.openqa.selenium.remote.http.AbstractHttpResponseCodec.decode(AbstractHttpResponseCodec.java:80) ~[selenium-remote-driver-3.8.1.jar:?]
	at org.openqa.selenium.remote.http.AbstractHttpResponseCodec.decode(AbstractHttpResponseCodec.java:44) ~[selenium-remote-driver-3.8.1.jar:?]
	at org.openqa.selenium.remote.HttpCommandExecutor.execute(HttpCommandExecutor.java:164) ~[selenium-remote-driver-3.8.1.jar:?]
	at org.openqa.selenium.remote.service.DriverCommandExecutor.execute(DriverCommandExecutor.java:83) ~[selenium-remote-driver-3.8.1.jar:?]
	at org.openqa.selenium.remote.RemoteWebDriver.execute(RemoteWebDriver.java:601) ~[selenium-remote-driver-3.8.1.jar:?]
	at org.openqa.selenium.remote.RemoteWebDriver.findElement(RemoteWebDriver.java:371) ~[selenium-remote-driver-3.8.1.jar:?]
	at org.openqa.selenium.remote.RemoteWebDriver.findElementById(RemoteWebDriver.java:417) ~[selenium-remote-driver-3.8.1.jar:?]
	at org.openqa.selenium.By$ById.findElement(By.java:218) ~[selenium-api-3.8.1.jar:?]
	at org.openqa.selenium.remote.RemoteWebDriver.findElement(RemoteWebDriver.java:363) ~[selenium-remote-driver-3.8.1.jar:?]
	at org.openqa.selenium.support.pagefactory.DefaultElementLocator.findElement(DefaultElementLocator.java:69) ~[selenium-support-3.8.1.jar:?]
	at org.openqa.selenium.support.pagefactory.internal.LocatingElementHandler.invoke(LocatingElementHandler.java:38) ~[selenium-support-3.8.1.jar:?]
	at com.sun.proxy.$Proxy26.clear(Unknown Source) ~[?:?]
	at io.jbehavetutorials.pageobjects.facebook.LoginPage.setEmail(LoginPage.java:27) ~[classes/:?]
	at io.jbehavetutorials.appmodule.facebook.FacebookApp.login(FacebookApp.java:57) ~[classes/:?]
	at io.jbehavetutorials.steps.facebook.FacebookStatusPost.iLoginToFacebook(FacebookStatusPost.java:70) [classes/:?]
	at sun.reflect.NativeMethodAccessorImpl.invoke0(Native Method) ~[?:1.8.0_112]
	at sun.reflect.NativeMethodAccessorImpl.invoke(NativeMethodAccessorImpl.java:62) ~[?:1.8.0_112]
	at sun.reflect.DelegatingMethodAccessorImpl.invoke(DelegatingMethodAccessorImpl.java:43) ~[?:1.8.0_112]
	at java.lang.reflect.Method.invoke(Method.java:498) ~[?:1.8.0_112]
	at org.jbehave.core.steps.StepCreator$ParametrisedStep.perform(StepCreator.java:743) [jbehave-core-4.3.2.jar:?]
	at org.jbehave.core.embedder.PerformableTree$FineSoFar.run(PerformableTree.java:351) [jbehave-core-4.3.2.jar:?]
	at org.jbehave.core.embedder.PerformableTree$PerformableSteps.perform(PerformableTree.java:1165) [jbehave-core-4.3.2.jar:?]
	at org.jbehave.core.embedder.PerformableTree$AbstractPerformableScenario.performRestartableSteps(PerformableTree.java:1032) [jbehave-core-4.3.2.jar:?]
	at org.jbehave.core.embedder.PerformableTree$ExamplePerformableScenario.perform(PerformableTree.java:1097) [jbehave-core-4.3.2.jar:?]
	at org.jbehave.core.embedder.PerformableTree$PerformableScenario.perform(PerformableTree.java:962) [jbehave-core-4.3.2.jar:?]
	at org.jbehave.core.embedder.PerformableTree$PerformableStory.performScenarios(PerformableTree.java:867) [jbehave-core-4.3.2.jar:?]
	at org.jbehave.core.embedder.PerformableTree$PerformableStory.perform(PerformableTree.java:843) [jbehave-core-4.3.2.jar:?]
	at org.jbehave.core.embedder.PerformableTree.performCancellable(PerformableTree.java:427) [jbehave-core-4.3.2.jar:?]
	at org.jbehave.core.embedder.PerformableTree.perform(PerformableTree.java:398) [jbehave-core-4.3.2.jar:?]
	at org.jbehave.core.embedder.StoryManager$EnqueuedStory.call(StoryManager.java:292) [jbehave-core-4.3.2.jar:?]
	at org.jbehave.core.embedder.StoryManager$EnqueuedStory.call(StoryManager.java:266) [jbehave-core-4.3.2.jar:?]
	at java.util.concurrent.FutureTask.run(FutureTask.java:266) [?:1.8.0_112]
	at java.util.concurrent.ThreadPoolExecutor.runWorker(ThreadPoolExecutor.java:1142) [?:1.8.0_112]
	at java.util.concurrent.ThreadPoolExecutor$Worker.run(ThreadPoolExecutor.java:617) [?:1.8.0_112]
	at java.lang.Thread.run(Thread.java:745) [?:1.8.0_112]
[DEBUG] 2018-05-22 21:42:28.219 [pool-1-thread-1] BrowserFactory - Method called: getDriver
[INFO ] 2018-05-22 21:42:28.225 [pool-1-thread-1] BrowserFactory - Launching driver: googlechrome
[DEBUG] 2018-05-22 21:42:28.226 [pool-1-thread-1] BrowserFactory - Method called: createChromeDriver
[DEBUG] 2018-05-22 21:43:03.606 [pool-1-thread-1] BrowserFactory - Method called: getDriver
[INFO ] 2018-05-22 21:43:03.608 [pool-1-thread-1] BrowserFactory - Launching driver: googlechrome
[DEBUG] 2018-05-22 21:43:03.609 [pool-1-thread-1] BrowserFactory - Method called: createChromeDriver
[INFO ] 2018-05-22 21:43:19.949 [pool-1-thread-1] FacebookApp - Initializing page objects...
[ERROR] 2018-05-22 21:43:52.824 [pool-1-thread-1] FacebookStatusPost - Error
java.lang.NullPointerException
	at com.google.common.base.Preconditions.checkNotNull(Preconditions.java:787) ~[guava-23.0.jar:?]
	at org.openqa.selenium.support.ui.FluentWait.<init>(FluentWait.java:96) ~[selenium-support-3.8.1.jar:?]
	at org.openqa.selenium.support.ui.WebDriverWait.<init>(WebDriverWait.java:72) ~[selenium-support-3.8.1.jar:?]
	at org.openqa.selenium.support.ui.WebDriverWait.<init>(WebDriverWait.java:46) ~[selenium-support-3.8.1.jar:?]
	at io.jbehavetutorials.appmodule.facebook.FacebookApp.<init>(FacebookApp.java:41) ~[classes/:?]
	at io.jbehavetutorials.steps.facebook.FacebookStatusPost.iHaveAFacebookAccount(FacebookStatusPost.java:43) [classes/:?]
	at sun.reflect.NativeMethodAccessorImpl.invoke0(Native Method) ~[?:1.8.0_112]
	at sun.reflect.NativeMethodAccessorImpl.invoke(NativeMethodAccessorImpl.java:62) ~[?:1.8.0_112]
	at sun.reflect.DelegatingMethodAccessorImpl.invoke(DelegatingMethodAccessorImpl.java:43) ~[?:1.8.0_112]
	at java.lang.reflect.Method.invoke(Method.java:498) ~[?:1.8.0_112]
	at org.jbehave.core.steps.StepCreator$ParametrisedStep.perform(StepCreator.java:743) [jbehave-core-4.3.2.jar:?]
	at org.jbehave.core.embedder.PerformableTree$FineSoFar.run(PerformableTree.java:351) [jbehave-core-4.3.2.jar:?]
	at org.jbehave.core.embedder.PerformableTree$PerformableSteps.perform(PerformableTree.java:1165) [jbehave-core-4.3.2.jar:?]
	at org.jbehave.core.embedder.PerformableTree$AbstractPerformableScenario.performRestartableSteps(PerformableTree.java:1032) [jbehave-core-4.3.2.jar:?]
	at org.jbehave.core.embedder.PerformableTree$ExamplePerformableScenario.perform(PerformableTree.java:1097) [jbehave-core-4.3.2.jar:?]
	at org.jbehave.core.embedder.PerformableTree$PerformableScenario.perform(PerformableTree.java:962) [jbehave-core-4.3.2.jar:?]
	at org.jbehave.core.embedder.PerformableTree$PerformableStory.performScenarios(PerformableTree.java:867) [jbehave-core-4.3.2.jar:?]
	at org.jbehave.core.embedder.PerformableTree$PerformableStory.perform(PerformableTree.java:843) [jbehave-core-4.3.2.jar:?]
	at org.jbehave.core.embedder.PerformableTree.performCancellable(PerformableTree.java:427) [jbehave-core-4.3.2.jar:?]
	at org.jbehave.core.embedder.PerformableTree.perform(PerformableTree.java:398) [jbehave-core-4.3.2.jar:?]
	at org.jbehave.core.embedder.StoryManager$EnqueuedStory.call(StoryManager.java:292) [jbehave-core-4.3.2.jar:?]
	at org.jbehave.core.embedder.StoryManager$EnqueuedStory.call(StoryManager.java:266) [jbehave-core-4.3.2.jar:?]
	at java.util.concurrent.FutureTask.run(FutureTask.java:266) [?:1.8.0_112]
	at java.util.concurrent.ThreadPoolExecutor.runWorker(ThreadPoolExecutor.java:1142) [?:1.8.0_112]
	at java.util.concurrent.ThreadPoolExecutor$Worker.run(ThreadPoolExecutor.java:617) [?:1.8.0_112]
	at java.lang.Thread.run(Thread.java:745) [?:1.8.0_112]
[DEBUG] 2018-05-22 21:43:52.856 [pool-1-thread-1] BrowserFactory - Method called: getDriver
[INFO ] 2018-05-22 21:43:52.856 [pool-1-thread-1] BrowserFactory - Launching driver: googlechrome
[DEBUG] 2018-05-22 21:43:52.858 [pool-1-thread-1] BrowserFactory - Method called: createChromeDriver
[DEBUG] 2018-05-22 21:44:08.631 [pool-1-thread-1] BrowserFactory - Method called: getDriver
[INFO ] 2018-05-22 21:44:08.635 [pool-1-thread-1] BrowserFactory - Launching driver: googlechrome
[DEBUG] 2018-05-22 21:44:08.636 [pool-1-thread-1] BrowserFactory - Method called: createChromeDriver
[DEBUG] 2018-05-22 21:47:48.127 [pool-1-thread-1] BrowserFactory - Method called: getDriver
[INFO ] 2018-05-22 21:47:48.127 [pool-1-thread-1] BrowserFactory - Launching driver: googlechrome
[DEBUG] 2018-05-22 21:47:48.127 [pool-1-thread-1] BrowserFactory - Method called: createChromeDriver
[DEBUG] 2018-05-22 21:48:21.506 [pool-1-thread-1] BrowserFactory - Method called: getDriver
[INFO ] 2018-05-22 21:48:21.508 [pool-1-thread-1] BrowserFactory - Launching driver: googlechrome
[DEBUG] 2018-05-22 21:48:21.508 [pool-1-thread-1] BrowserFactory - Method called: createChromeDriver
[DEBUG] 2018-05-22 21:48:47.030 [pool-1-thread-1] BrowserFactory - Method called: getDriver
[INFO ] 2018-05-22 21:48:47.035 [pool-1-thread-1] BrowserFactory - Launching driver: googlechrome
[DEBUG] 2018-05-22 21:48:47.036 [pool-1-thread-1] BrowserFactory - Method called: createChromeDriver
[DEBUG] 2018-05-22 21:49:11.146 [pool-1-thread-1] BrowserFactory - Method called: getDriver
[INFO ] 2018-05-22 21:49:11.147 [pool-1-thread-1] BrowserFactory - Launching driver: googlechrome
[DEBUG] 2018-05-22 21:49:11.147 [pool-1-thread-1] BrowserFactory - Method called: createChromeDriver
[INFO ] 2018-05-22 21:49:17.599 [pool-1-thread-1] FacebookApp - Initializing page objects...
[ERROR] 2018-05-22 21:49:17.656 [pool-1-thread-1] FacebookStatusPost - Error
java.lang.NullPointerException
	at com.google.common.base.Preconditions.checkNotNull(Preconditions.java:787) ~[guava-23.0.jar:?]
	at org.openqa.selenium.support.ui.FluentWait.<init>(FluentWait.java:96) ~[selenium-support-3.8.1.jar:?]
	at org.openqa.selenium.support.ui.WebDriverWait.<init>(WebDriverWait.java:72) ~[selenium-support-3.8.1.jar:?]
	at org.openqa.selenium.support.ui.WebDriverWait.<init>(WebDriverWait.java:46) ~[selenium-support-3.8.1.jar:?]
	at io.jbehavetutorials.appmodule.facebook.FacebookApp.<init>(FacebookApp.java:41) ~[classes/:?]
	at io.jbehavetutorials.steps.facebook.FacebookStatusPost.iHaveAFacebookAccount(FacebookStatusPost.java:34) [classes/:?]
	at sun.reflect.NativeMethodAccessorImpl.invoke0(Native Method) ~[?:1.8.0_112]
	at sun.reflect.NativeMethodAccessorImpl.invoke(NativeMethodAccessorImpl.java:62) ~[?:1.8.0_112]
	at sun.reflect.DelegatingMethodAccessorImpl.invoke(DelegatingMethodAccessorImpl.java:43) ~[?:1.8.0_112]
	at java.lang.reflect.Method.invoke(Method.java:498) ~[?:1.8.0_112]
	at org.jbehave.core.steps.StepCreator$ParametrisedStep.perform(StepCreator.java:743) [jbehave-core-4.3.2.jar:?]
	at org.jbehave.core.embedder.PerformableTree$FineSoFar.run(PerformableTree.java:351) [jbehave-core-4.3.2.jar:?]
	at org.jbehave.core.embedder.PerformableTree$PerformableSteps.perform(PerformableTree.java:1165) [jbehave-core-4.3.2.jar:?]
	at org.jbehave.core.embedder.PerformableTree$AbstractPerformableScenario.performRestartableSteps(PerformableTree.java:1032) [jbehave-core-4.3.2.jar:?]
	at org.jbehave.core.embedder.PerformableTree$ExamplePerformableScenario.perform(PerformableTree.java:1097) [jbehave-core-4.3.2.jar:?]
	at org.jbehave.core.embedder.PerformableTree$PerformableScenario.perform(PerformableTree.java:962) [jbehave-core-4.3.2.jar:?]
	at org.jbehave.core.embedder.PerformableTree$PerformableStory.performScenarios(PerformableTree.java:867) [jbehave-core-4.3.2.jar:?]
	at org.jbehave.core.embedder.PerformableTree$PerformableStory.perform(PerformableTree.java:843) [jbehave-core-4.3.2.jar:?]
	at org.jbehave.core.embedder.PerformableTree.performCancellable(PerformableTree.java:427) [jbehave-core-4.3.2.jar:?]
	at org.jbehave.core.embedder.PerformableTree.perform(PerformableTree.java:398) [jbehave-core-4.3.2.jar:?]
	at org.jbehave.core.embedder.StoryManager$EnqueuedStory.call(StoryManager.java:292) [jbehave-core-4.3.2.jar:?]
	at org.jbehave.core.embedder.StoryManager$EnqueuedStory.call(StoryManager.java:266) [jbehave-core-4.3.2.jar:?]
	at java.util.concurrent.FutureTask.run(FutureTask.java:266) [?:1.8.0_112]
	at java.util.concurrent.ThreadPoolExecutor.runWorker(ThreadPoolExecutor.java:1142) [?:1.8.0_112]
	at java.util.concurrent.ThreadPoolExecutor$Worker.run(ThreadPoolExecutor.java:617) [?:1.8.0_112]
	at java.lang.Thread.run(Thread.java:745) [?:1.8.0_112]
[DEBUG] 2018-05-22 22:04:03.767 [pool-1-thread-1] BrowserFactory - Method called: getDriver
[INFO ] 2018-05-22 22:04:03.768 [pool-1-thread-1] BrowserFactory - Launching driver: googlechrome
[DEBUG] 2018-05-22 22:04:03.769 [pool-1-thread-1] BrowserFactory - Method called: createChromeDriver
[DEBUG] 2018-05-22 22:04:19.692 [pool-1-thread-1] BrowserFactory - Method called: getDriver
[INFO ] 2018-05-22 22:04:19.692 [pool-1-thread-1] BrowserFactory - Launching driver: googlechrome
[DEBUG] 2018-05-22 22:04:19.693 [pool-1-thread-1] BrowserFactory - Method called: createChromeDriver
[INFO ] 2018-05-22 22:04:24.397 [pool-1-thread-1] FacebookApp - Initializing page objects...
[INFO ] 2018-05-22 22:04:24.685 [pool-1-thread-1] FacebookApp - Page object initialization finished
[DEBUG] 2018-05-22 22:04:33.867 [pool-1-thread-1] FacebookApp - Opening facebook url: https://www.facebook.com
[INFO ] 2018-05-22 22:04:33.868 [pool-1-thread-1] FacebookApp - URL: https://www.facebook.com
[INFO ] 2018-05-22 22:04:38.145 [pool-1-thread-1] FacebookApp - Facebook opened successfully
[DEBUG] 2018-05-22 22:05:06.569 [pool-1-thread-1] FacebookApp - Login into the portal with email: 9851039987 and password: magicalme2287
[ERROR] 2018-05-22 22:05:42.297 [pool-1-thread-1] FacebookStatusPost - Error occurred
org.openqa.selenium.WebDriverException: unknown error: call function result missing 'value'
  (Session info: chrome=66.0.3359.181)
  (Driver info: chromedriver=2.33.506106 (8a06c39c4582fbfbab6966dbb1c38a9173bfb1a2),platform=Mac OS X 10.13.4 x86_64) (WARNING: The server did not provide any stacktrace information)
Command duration or timeout: 0 milliseconds
Build info: version: '3.8.1', revision: '6e95a6684b', time: '2017-12-01T18:33:54.468Z'
System info: host: 'Prasantas-MacBook-Pro.local', ip: '100.102.149.249', os.name: 'Mac OS X', os.arch: 'x86_64', os.version: '10.13.4', java.version: '1.8.0_112'
Driver info: org.openqa.selenium.chrome.ChromeDriver
Capabilities {acceptSslCerts: true, applicationCacheEnabled: false, browserConnectionEnabled: false, browserName: chrome, chrome: {chromedriverVersion: 2.33.506106 (8a06c39c4582fb..., userDataDir: /var/folders/66/r6f0wntx1h5...}, cssSelectorsEnabled: true, databaseEnabled: false, handlesAlerts: true, hasTouchScreen: false, javascriptEnabled: true, locationContextEnabled: true, mobileEmulationEnabled: false, nativeEvents: true, networkConnectionEnabled: false, pageLoadStrategy: normal, platform: MAC, platformName: MAC, rotatable: false, setWindowRect: true, takesHeapSnapshot: true, takesScreenshot: true, unexpectedAlertBehaviour: , unhandledPromptBehavior: , version: 66.0.3359.181, webStorageEnabled: true}
Session ID: e5d41611135dd69af6035934705aac46
	at sun.reflect.NativeConstructorAccessorImpl.newInstance0(Native Method) ~[?:1.8.0_112]
	at sun.reflect.NativeConstructorAccessorImpl.newInstance(NativeConstructorAccessorImpl.java:62) ~[?:1.8.0_112]
	at sun.reflect.DelegatingConstructorAccessorImpl.newInstance(DelegatingConstructorAccessorImpl.java:45) ~[?:1.8.0_112]
	at java.lang.reflect.Constructor.newInstance(Constructor.java:423) ~[?:1.8.0_112]
	at org.openqa.selenium.remote.ErrorHandler.createThrowable(ErrorHandler.java:214) ~[selenium-remote-driver-3.8.1.jar:?]
	at org.openqa.selenium.remote.ErrorHandler.throwIfResponseFailed(ErrorHandler.java:166) ~[selenium-remote-driver-3.8.1.jar:?]
	at org.openqa.selenium.remote.http.JsonHttpResponseCodec.reconstructValue(JsonHttpResponseCodec.java:40) ~[selenium-remote-driver-3.8.1.jar:?]
	at org.openqa.selenium.remote.http.AbstractHttpResponseCodec.decode(AbstractHttpResponseCodec.java:80) ~[selenium-remote-driver-3.8.1.jar:?]
	at org.openqa.selenium.remote.http.AbstractHttpResponseCodec.decode(AbstractHttpResponseCodec.java:44) ~[selenium-remote-driver-3.8.1.jar:?]
	at org.openqa.selenium.remote.HttpCommandExecutor.execute(HttpCommandExecutor.java:164) ~[selenium-remote-driver-3.8.1.jar:?]
	at org.openqa.selenium.remote.service.DriverCommandExecutor.execute(DriverCommandExecutor.java:83) ~[selenium-remote-driver-3.8.1.jar:?]
	at org.openqa.selenium.remote.RemoteWebDriver.execute(RemoteWebDriver.java:601) ~[selenium-remote-driver-3.8.1.jar:?]
	at org.openqa.selenium.remote.RemoteWebElement.execute(RemoteWebElement.java:279) ~[selenium-remote-driver-3.8.1.jar:?]
	at org.openqa.selenium.remote.RemoteWebElement.clear(RemoteWebElement.java:118) ~[selenium-remote-driver-3.8.1.jar:?]
	at sun.reflect.NativeMethodAccessorImpl.invoke0(Native Method) ~[?:1.8.0_112]
	at sun.reflect.NativeMethodAccessorImpl.invoke(NativeMethodAccessorImpl.java:62) ~[?:1.8.0_112]
	at sun.reflect.DelegatingMethodAccessorImpl.invoke(DelegatingMethodAccessorImpl.java:43) ~[?:1.8.0_112]
	at java.lang.reflect.Method.invoke(Method.java:498) ~[?:1.8.0_112]
	at org.openqa.selenium.support.pagefactory.internal.LocatingElementHandler.invoke(LocatingElementHandler.java:51) ~[selenium-support-3.8.1.jar:?]
	at com.sun.proxy.$Proxy27.clear(Unknown Source) ~[?:?]
	at io.jbehavetutorials.pageobjects.facebook.LoginPage.setEmail(LoginPage.java:27) ~[classes/:?]
	at io.jbehavetutorials.appmodule.facebook.FacebookApp.login(FacebookApp.java:57) ~[classes/:?]
	at io.jbehavetutorials.steps.facebook.FacebookStatusPost.iLoginToFacebook(FacebookStatusPost.java:61) [classes/:?]
	at sun.reflect.NativeMethodAccessorImpl.invoke0(Native Method) ~[?:1.8.0_112]
	at sun.reflect.NativeMethodAccessorImpl.invoke(NativeMethodAccessorImpl.java:62) ~[?:1.8.0_112]
	at sun.reflect.DelegatingMethodAccessorImpl.invoke(DelegatingMethodAccessorImpl.java:43) ~[?:1.8.0_112]
	at java.lang.reflect.Method.invoke(Method.java:498) ~[?:1.8.0_112]
	at org.jbehave.core.steps.StepCreator$ParametrisedStep.perform(StepCreator.java:743) [jbehave-core-4.3.2.jar:?]
	at org.jbehave.core.embedder.PerformableTree$FineSoFar.run(PerformableTree.java:351) [jbehave-core-4.3.2.jar:?]
	at org.jbehave.core.embedder.PerformableTree$PerformableSteps.perform(PerformableTree.java:1165) [jbehave-core-4.3.2.jar:?]
	at org.jbehave.core.embedder.PerformableTree$AbstractPerformableScenario.performRestartableSteps(PerformableTree.java:1032) [jbehave-core-4.3.2.jar:?]
	at org.jbehave.core.embedder.PerformableTree$ExamplePerformableScenario.perform(PerformableTree.java:1097) [jbehave-core-4.3.2.jar:?]
	at org.jbehave.core.embedder.PerformableTree$PerformableScenario.perform(PerformableTree.java:962) [jbehave-core-4.3.2.jar:?]
	at org.jbehave.core.embedder.PerformableTree$PerformableStory.performScenarios(PerformableTree.java:867) [jbehave-core-4.3.2.jar:?]
	at org.jbehave.core.embedder.PerformableTree$PerformableStory.perform(PerformableTree.java:843) [jbehave-core-4.3.2.jar:?]
	at org.jbehave.core.embedder.PerformableTree.performCancellable(PerformableTree.java:427) [jbehave-core-4.3.2.jar:?]
	at org.jbehave.core.embedder.PerformableTree.perform(PerformableTree.java:398) [jbehave-core-4.3.2.jar:?]
	at org.jbehave.core.embedder.StoryManager$EnqueuedStory.call(StoryManager.java:292) [jbehave-core-4.3.2.jar:?]
	at org.jbehave.core.embedder.StoryManager$EnqueuedStory.call(StoryManager.java:266) [jbehave-core-4.3.2.jar:?]
	at java.util.concurrent.FutureTask.run(FutureTask.java:266) [?:1.8.0_112]
	at java.util.concurrent.ThreadPoolExecutor.runWorker(ThreadPoolExecutor.java:1142) [?:1.8.0_112]
	at java.util.concurrent.ThreadPoolExecutor$Worker.run(ThreadPoolExecutor.java:617) [?:1.8.0_112]
	at java.lang.Thread.run(Thread.java:745) [?:1.8.0_112]
[DEBUG] 2018-05-22 22:05:42.329 [pool-1-thread-1] BrowserFactory - Method called: getDriver
[INFO ] 2018-05-22 22:05:42.330 [pool-1-thread-1] BrowserFactory - Launching driver: googlechrome
[DEBUG] 2018-05-22 22:05:42.330 [pool-1-thread-1] BrowserFactory - Method called: createChromeDriver
[DEBUG] 2018-05-22 22:08:21.714 [pool-1-thread-1] BrowserFactory - Method called: getDriver
[INFO ] 2018-05-22 22:08:21.717 [pool-1-thread-1] BrowserFactory - Launching driver: googlechrome
[DEBUG] 2018-05-22 22:08:21.717 [pool-1-thread-1] BrowserFactory - Method called: createChromeDriver
[DEBUG] 2018-05-22 22:08:27.589 [pool-1-thread-1] BrowserFactory - Method called: getDriver
[INFO ] 2018-05-22 22:08:27.590 [pool-1-thread-1] BrowserFactory - Launching driver: googlechrome
[DEBUG] 2018-05-22 22:08:27.590 [pool-1-thread-1] BrowserFactory - Method called: createChromeDriver
[INFO ] 2018-05-22 22:08:28.759 [pool-1-thread-1] FacebookApp - Initializing page objects...
[INFO ] 2018-05-22 22:08:28.836 [pool-1-thread-1] FacebookApp - Page object initialization finished
[DEBUG] 2018-05-22 22:08:28.841 [pool-1-thread-1] FacebookApp - Opening facebook url: https://www.facebook.com
[INFO ] 2018-05-22 22:08:28.843 [pool-1-thread-1] FacebookApp - URL: https://www.facebook.com
[INFO ] 2018-05-22 22:08:34.004 [pool-1-thread-1] FacebookApp - Facebook opened successfully
[DEBUG] 2018-05-22 22:08:55.262 [pool-1-thread-1] FacebookApp - Login into the portal with email: 9851039987 and password: magicalme2287
[ERROR] 2018-05-22 22:09:33.496 [pool-1-thread-1] FacebookStatusPost - Error occurred
org.openqa.selenium.WebDriverException: unknown error: call function result missing 'value'
  (Session info: chrome=66.0.3359.181)
  (Driver info: chromedriver=2.33.506106 (8a06c39c4582fbfbab6966dbb1c38a9173bfb1a2),platform=Mac OS X 10.13.4 x86_64) (WARNING: The server did not provide any stacktrace information)
Command duration or timeout: 0 milliseconds
Build info: version: '3.8.1', revision: '6e95a6684b', time: '2017-12-01T18:33:54.468Z'
System info: host: 'Prasantas-MacBook-Pro.local', ip: '100.102.149.249', os.name: 'Mac OS X', os.arch: 'x86_64', os.version: '10.13.4', java.version: '1.8.0_112'
Driver info: org.openqa.selenium.chrome.ChromeDriver
Capabilities {acceptSslCerts: true, applicationCacheEnabled: false, browserConnectionEnabled: false, browserName: chrome, chrome: {chromedriverVersion: 2.33.506106 (8a06c39c4582fb..., userDataDir: /var/folders/66/r6f0wntx1h5...}, cssSelectorsEnabled: true, databaseEnabled: false, handlesAlerts: true, hasTouchScreen: false, javascriptEnabled: true, locationContextEnabled: true, mobileEmulationEnabled: false, nativeEvents: true, networkConnectionEnabled: false, pageLoadStrategy: normal, platform: MAC, platformName: MAC, rotatable: false, setWindowRect: true, takesHeapSnapshot: true, takesScreenshot: true, unexpectedAlertBehaviour: , unhandledPromptBehavior: , version: 66.0.3359.181, webStorageEnabled: true}
Session ID: 29c4067ea9951df0f27385d3aef642cd
	at sun.reflect.NativeConstructorAccessorImpl.newInstance0(Native Method) ~[?:1.8.0_112]
	at sun.reflect.NativeConstructorAccessorImpl.newInstance(NativeConstructorAccessorImpl.java:62) ~[?:1.8.0_112]
	at sun.reflect.DelegatingConstructorAccessorImpl.newInstance(DelegatingConstructorAccessorImpl.java:45) ~[?:1.8.0_112]
	at java.lang.reflect.Constructor.newInstance(Constructor.java:423) ~[?:1.8.0_112]
	at org.openqa.selenium.remote.ErrorHandler.createThrowable(ErrorHandler.java:214) ~[selenium-remote-driver-3.8.1.jar:?]
	at org.openqa.selenium.remote.ErrorHandler.throwIfResponseFailed(ErrorHandler.java:166) ~[selenium-remote-driver-3.8.1.jar:?]
	at org.openqa.selenium.remote.http.JsonHttpResponseCodec.reconstructValue(JsonHttpResponseCodec.java:40) ~[selenium-remote-driver-3.8.1.jar:?]
	at org.openqa.selenium.remote.http.AbstractHttpResponseCodec.decode(AbstractHttpResponseCodec.java:80) ~[selenium-remote-driver-3.8.1.jar:?]
	at org.openqa.selenium.remote.http.AbstractHttpResponseCodec.decode(AbstractHttpResponseCodec.java:44) ~[selenium-remote-driver-3.8.1.jar:?]
	at org.openqa.selenium.remote.HttpCommandExecutor.execute(HttpCommandExecutor.java:164) ~[selenium-remote-driver-3.8.1.jar:?]
	at org.openqa.selenium.remote.service.DriverCommandExecutor.execute(DriverCommandExecutor.java:83) ~[selenium-remote-driver-3.8.1.jar:?]
	at org.openqa.selenium.remote.RemoteWebDriver.execute(RemoteWebDriver.java:601) ~[selenium-remote-driver-3.8.1.jar:?]
	at org.openqa.selenium.remote.RemoteWebElement.execute(RemoteWebElement.java:279) ~[selenium-remote-driver-3.8.1.jar:?]
	at org.openqa.selenium.remote.RemoteWebElement.clear(RemoteWebElement.java:118) ~[selenium-remote-driver-3.8.1.jar:?]
	at sun.reflect.NativeMethodAccessorImpl.invoke0(Native Method) ~[?:1.8.0_112]
	at sun.reflect.NativeMethodAccessorImpl.invoke(NativeMethodAccessorImpl.java:62) ~[?:1.8.0_112]
	at sun.reflect.DelegatingMethodAccessorImpl.invoke(DelegatingMethodAccessorImpl.java:43) ~[?:1.8.0_112]
	at java.lang.reflect.Method.invoke(Method.java:498) ~[?:1.8.0_112]
	at org.openqa.selenium.support.pagefactory.internal.LocatingElementHandler.invoke(LocatingElementHandler.java:51) ~[selenium-support-3.8.1.jar:?]
	at com.sun.proxy.$Proxy27.clear(Unknown Source) ~[?:?]
	at io.jbehavetutorials.pageobjects.facebook.LoginPage.setEmail(LoginPage.java:27) ~[classes/:?]
	at io.jbehavetutorials.appmodule.facebook.FacebookApp.login(FacebookApp.java:57) ~[classes/:?]
	at io.jbehavetutorials.steps.facebook.FacebookStatusPost.iLoginToFacebook(FacebookStatusPost.java:61) [classes/:?]
	at sun.reflect.NativeMethodAccessorImpl.invoke0(Native Method) ~[?:1.8.0_112]
	at sun.reflect.NativeMethodAccessorImpl.invoke(NativeMethodAccessorImpl.java:62) ~[?:1.8.0_112]
	at sun.reflect.DelegatingMethodAccessorImpl.invoke(DelegatingMethodAccessorImpl.java:43) ~[?:1.8.0_112]
	at java.lang.reflect.Method.invoke(Method.java:498) ~[?:1.8.0_112]
	at org.jbehave.core.steps.StepCreator$ParametrisedStep.perform(StepCreator.java:743) [jbehave-core-4.3.2.jar:?]
	at org.jbehave.core.embedder.PerformableTree$FineSoFar.run(PerformableTree.java:351) [jbehave-core-4.3.2.jar:?]
	at org.jbehave.core.embedder.PerformableTree$PerformableSteps.perform(PerformableTree.java:1165) [jbehave-core-4.3.2.jar:?]
	at org.jbehave.core.embedder.PerformableTree$AbstractPerformableScenario.performRestartableSteps(PerformableTree.java:1032) [jbehave-core-4.3.2.jar:?]
	at org.jbehave.core.embedder.PerformableTree$ExamplePerformableScenario.perform(PerformableTree.java:1097) [jbehave-core-4.3.2.jar:?]
	at org.jbehave.core.embedder.PerformableTree$PerformableScenario.perform(PerformableTree.java:962) [jbehave-core-4.3.2.jar:?]
	at org.jbehave.core.embedder.PerformableTree$PerformableStory.performScenarios(PerformableTree.java:867) [jbehave-core-4.3.2.jar:?]
	at org.jbehave.core.embedder.PerformableTree$PerformableStory.perform(PerformableTree.java:843) [jbehave-core-4.3.2.jar:?]
	at org.jbehave.core.embedder.PerformableTree.performCancellable(PerformableTree.java:427) [jbehave-core-4.3.2.jar:?]
	at org.jbehave.core.embedder.PerformableTree.perform(PerformableTree.java:398) [jbehave-core-4.3.2.jar:?]
	at org.jbehave.core.embedder.StoryManager$EnqueuedStory.call(StoryManager.java:292) [jbehave-core-4.3.2.jar:?]
	at org.jbehave.core.embedder.StoryManager$EnqueuedStory.call(StoryManager.java:266) [jbehave-core-4.3.2.jar:?]
	at java.util.concurrent.FutureTask.run(FutureTask.java:266) [?:1.8.0_112]
	at java.util.concurrent.ThreadPoolExecutor.runWorker(ThreadPoolExecutor.java:1142) [?:1.8.0_112]
	at java.util.concurrent.ThreadPoolExecutor$Worker.run(ThreadPoolExecutor.java:617) [?:1.8.0_112]
	at java.lang.Thread.run(Thread.java:745) [?:1.8.0_112]
[DEBUG] 2018-05-22 22:09:33.539 [pool-1-thread-1] BrowserFactory - Method called: getDriver
[INFO ] 2018-05-22 22:09:33.539 [pool-1-thread-1] BrowserFactory - Launching driver: googlechrome
[DEBUG] 2018-05-22 22:09:33.539 [pool-1-thread-1] BrowserFactory - Method called: createChromeDriver
[DEBUG] 2018-05-22 22:14:26.682 [pool-1-thread-1] BrowserFactory - Method called: getDriver
[INFO ] 2018-05-22 22:14:26.688 [pool-1-thread-1] BrowserFactory - Launching driver: googlechrome
[DEBUG] 2018-05-22 22:14:26.688 [pool-1-thread-1] BrowserFactory - Method called: createChromeDriver
[DEBUG] 2018-05-22 22:14:30.146 [pool-1-thread-1] BrowserFactory - Method called: getDriver
[INFO ] 2018-05-22 22:14:30.146 [pool-1-thread-1] BrowserFactory - Launching driver: googlechrome
[DEBUG] 2018-05-22 22:14:30.149 [pool-1-thread-1] BrowserFactory - Method called: createChromeDriver
[INFO ] 2018-05-22 22:14:31.448 [pool-1-thread-1] FacebookApp - Initializing page objects...
[INFO ] 2018-05-22 22:14:31.494 [pool-1-thread-1] FacebookApp - Page object initialization finished
[DEBUG] 2018-05-22 22:14:31.497 [pool-1-thread-1] FacebookApp - Opening facebook url: https://www.facebook.com
[INFO ] 2018-05-22 22:14:31.498 [pool-1-thread-1] FacebookApp - URL: https://www.facebook.com
[INFO ] 2018-05-22 22:14:35.297 [pool-1-thread-1] FacebookApp - Facebook opened successfully
[DEBUG] 2018-05-22 22:14:48.075 [pool-1-thread-1] FacebookApp - Login into the portal with email: 9851039987 and password: magicalme2287
[DEBUG] 2018-05-22 22:15:52.471 [pool-1-thread-1] BrowserFactory - Method called: getDriver
[INFO ] 2018-05-22 22:15:52.483 [pool-1-thread-1] BrowserFactory - Launching driver: googlechrome
[DEBUG] 2018-05-22 22:15:52.483 [pool-1-thread-1] BrowserFactory - Method called: createChromeDriver
[DEBUG] 2018-05-22 22:15:56.470 [pool-1-thread-1] BrowserFactory - Method called: getDriver
[INFO ] 2018-05-22 22:15:56.470 [pool-1-thread-1] BrowserFactory - Launching driver: googlechrome
[DEBUG] 2018-05-22 22:15:56.471 [pool-1-thread-1] BrowserFactory - Method called: createChromeDriver
[INFO ] 2018-05-22 22:15:57.876 [pool-1-thread-1] FacebookApp - Initializing page objects...
[INFO ] 2018-05-22 22:15:57.920 [pool-1-thread-1] FacebookApp - Page object initialization finished
[DEBUG] 2018-05-22 22:15:57.923 [pool-1-thread-1] FacebookApp - Opening facebook url: https://www.facebook.com
[INFO ] 2018-05-22 22:15:57.924 [pool-1-thread-1] FacebookApp - URL: https://www.facebook.com
[INFO ] 2018-05-22 22:16:03.041 [pool-1-thread-1] FacebookApp - Facebook opened successfully
[DEBUG] 2018-05-22 22:16:16.211 [pool-1-thread-1] FacebookApp - Login into the portal with email: 8348624794 and password: magicalme2287
[INFO ] 2018-05-22 22:16:59.037 [pool-1-thread-1] FacebookApp - Login successful
[INFO ] 2018-05-22 22:17:00.900 [pool-1-thread-1] FacebookApp - Element is visible
[DEBUG] 2018-05-22 22:17:00.920 [pool-1-thread-1] BrowserFactory - Method called: getDriver
[INFO ] 2018-05-22 22:17:00.921 [pool-1-thread-1] BrowserFactory - Launching driver: googlechrome
[DEBUG] 2018-05-22 22:17:00.921 [pool-1-thread-1] BrowserFactory - Method called: createChromeDriver
[DEBUG] 2018-05-22 22:18:07.706 [pool-1-thread-1] BrowserFactory - Method called: getDriver
[INFO ] 2018-05-22 22:18:07.710 [pool-1-thread-1] BrowserFactory - Launching driver: googlechrome
[DEBUG] 2018-05-22 22:18:07.711 [pool-1-thread-1] BrowserFactory - Method called: createChromeDriver
[DEBUG] 2018-05-22 22:18:10.421 [pool-1-thread-1] BrowserFactory - Method called: getDriver
[INFO ] 2018-05-22 22:18:10.422 [pool-1-thread-1] BrowserFactory - Launching driver: googlechrome
[DEBUG] 2018-05-22 22:18:10.422 [pool-1-thread-1] BrowserFactory - Method called: createChromeDriver
[INFO ] 2018-05-22 22:18:11.472 [pool-1-thread-1] FacebookApp - Initializing page objects...
[INFO ] 2018-05-22 22:18:11.527 [pool-1-thread-1] FacebookApp - Page object initialization finished
[DEBUG] 2018-05-22 22:18:11.552 [pool-1-thread-1] FacebookApp - Opening facebook url: https://www.facebook.com
[INFO ] 2018-05-22 22:18:11.554 [pool-1-thread-1] FacebookApp - URL: https://www.facebook.com
[INFO ] 2018-05-22 22:18:15.846 [pool-1-thread-1] FacebookApp - Facebook opened successfully
[DEBUG] 2018-05-22 22:18:42.998 [pool-1-thread-1] FacebookApp - Login into the portal with email: 8348624794 and password: magicalme2287
[INFO ] 2018-05-22 22:18:50.018 [pool-1-thread-1] FacebookApp - Login successful
[INFO ] 2018-05-22 22:19:16.055 [pool-1-thread-1] FacebookApp - Element is visible
[DEBUG] 2018-05-22 22:19:26.154 [pool-1-thread-1] BrowserFactory - Method called: getDriver
[INFO ] 2018-05-22 22:19:26.154 [pool-1-thread-1] BrowserFactory - Launching driver: googlechrome
[DEBUG] 2018-05-22 22:19:26.154 [pool-1-thread-1] BrowserFactory - Method called: createChromeDriver
[DEBUG] 2018-05-22 22:23:42.322 [pool-1-thread-1] BrowserFactory - Method called: getDriver
[INFO ] 2018-05-22 22:23:42.323 [pool-1-thread-1] BrowserFactory - Launching driver: googlechrome
[DEBUG] 2018-05-22 22:23:42.324 [pool-1-thread-1] BrowserFactory - Method called: createChromeDriver
[DEBUG] 2018-05-22 22:23:44.906 [pool-1-thread-1] BrowserFactory - Method called: getDriver
[INFO ] 2018-05-22 22:23:44.907 [pool-1-thread-1] BrowserFactory - Launching driver: googlechrome
[DEBUG] 2018-05-22 22:23:44.907 [pool-1-thread-1] BrowserFactory - Method called: createChromeDriver
[DEBUG] 2018-05-22 22:23:46.467 [pool-1-thread-1] BrowserFactory - Method called: getDriver
[INFO ] 2018-05-22 22:23:46.467 [pool-1-thread-1] BrowserFactory - Launching driver: googlechrome
[DEBUG] 2018-05-22 22:23:46.467 [pool-1-thread-1] BrowserFactory - Method called: createChromeDriver
[DEBUG] 2018-05-22 22:26:10.777 [pool-1-thread-1] BrowserFactory - Method called: getDriver
[INFO ] 2018-05-22 22:26:10.779 [pool-1-thread-1] BrowserFactory - Launching driver: googlechrome
[DEBUG] 2018-05-22 22:26:10.779 [pool-1-thread-1] BrowserFactory - Method called: createChromeDriver
[DEBUG] 2018-05-22 22:26:13.787 [pool-1-thread-1] BrowserFactory - Method called: getDriver
[INFO ] 2018-05-22 22:26:13.788 [pool-1-thread-1] BrowserFactory - Launching driver: googlechrome
[DEBUG] 2018-05-22 22:26:13.788 [pool-1-thread-1] BrowserFactory - Method called: createChromeDriver
[DEBUG] 2018-05-22 22:26:15.590 [pool-1-thread-1] BrowserFactory - Method called: getDriver
[INFO ] 2018-05-22 22:26:15.594 [pool-1-thread-1] BrowserFactory - Launching driver: googlechrome
[DEBUG] 2018-05-22 22:26:15.595 [pool-1-thread-1] BrowserFactory - Method called: createChromeDriver
[DEBUG] 2018-05-22 22:26:48.335 [pool-1-thread-1] BrowserFactory - Method called: getDriver
[INFO ] 2018-05-22 22:26:48.340 [pool-1-thread-1] BrowserFactory - Launching driver: googlechrome
[DEBUG] 2018-05-22 22:26:48.343 [pool-1-thread-1] BrowserFactory - Method called: createChromeDriver
[DEBUG] 2018-05-22 22:26:51.070 [pool-1-thread-1] BrowserFactory - Method called: getDriver
[INFO ] 2018-05-22 22:26:51.071 [pool-1-thread-1] BrowserFactory - Launching driver: googlechrome
[DEBUG] 2018-05-22 22:26:51.071 [pool-1-thread-1] BrowserFactory - Method called: createChromeDriver
[INFO ] 2018-05-22 22:26:52.419 [pool-1-thread-1] FacebookApp - Initializing page objects...
[INFO ] 2018-05-22 22:26:52.468 [pool-1-thread-1] FacebookApp - Page object initialization finished
[DEBUG] 2018-05-22 22:26:52.475 [pool-1-thread-1] FacebookApp - Opening facebook url: https://www.facebook.com
[INFO ] 2018-05-22 22:26:52.478 [pool-1-thread-1] FacebookApp - URL: https://www.facebook.com
[INFO ] 2018-05-22 22:26:55.882 [pool-1-thread-1] FacebookApp - Facebook opened successfully
[DEBUG] 2018-05-22 22:26:55.884 [pool-1-thread-1] FacebookApp - Login into the portal with email: 8348624794 and password: magicalme2287
[INFO ] 2018-05-22 22:27:04.023 [pool-1-thread-1] FacebookApp - Login successful
[INFO ] 2018-05-22 22:27:04.043 [pool-1-thread-1] FacebookApp - Element is visible
[INFO ] 2018-05-22 22:27:04.090 [pool-1-thread-1] FacebookApp - Element is visible
[INFO ] 2018-05-22 22:27:04.091 [pool-1-thread-1] FacebookApp - Putting status message: Hi Facebook
[INFO ] 2018-05-22 22:27:10.071 [pool-1-thread-1] FacebookApp - Status posted successfully
[DEBUG] 2018-05-22 22:27:10.365 [pool-1-thread-1] BrowserFactory - Method called: getDriver
[INFO ] 2018-05-22 22:27:10.366 [pool-1-thread-1] BrowserFactory - Launching driver: googlechrome
[DEBUG] 2018-05-22 22:27:10.366 [pool-1-thread-1] BrowserFactory - Method called: createChromeDriver
[DEBUG] 2018-05-22 22:29:10.247 [pool-1-thread-1] BrowserFactory - Method called: getDriver
[INFO ] 2018-05-22 22:29:10.249 [pool-1-thread-1] BrowserFactory - Launching driver: googlechrome
[DEBUG] 2018-05-22 22:29:10.249 [pool-1-thread-1] BrowserFactory - Method called: createChromeDriver
[DEBUG] 2018-05-22 22:29:12.688 [pool-1-thread-1] BrowserFactory - Method called: getDriver
[INFO ] 2018-05-22 22:29:12.689 [pool-1-thread-1] BrowserFactory - Launching driver: googlechrome
[DEBUG] 2018-05-22 22:29:12.689 [pool-1-thread-1] BrowserFactory - Method called: createChromeDriver
[INFO ] 2018-05-22 22:29:13.897 [pool-1-thread-1] FacebookApp - Initializing page objects...
[INFO ] 2018-05-22 22:29:13.939 [pool-1-thread-1] FacebookApp - Page object initialization finished
[DEBUG] 2018-05-22 22:29:13.947 [pool-1-thread-1] FacebookApp - Opening facebook url: https://www.facebook.com
[INFO ] 2018-05-22 22:29:13.950 [pool-1-thread-1] FacebookApp - URL: https://www.facebook.com
[INFO ] 2018-05-22 22:29:20.280 [pool-1-thread-1] FacebookApp - Facebook opened successfully
[DEBUG] 2018-05-22 22:29:20.281 [pool-1-thread-1] FacebookApp - Login into the portal with email: 8348624794 and password: magicalme2287
[INFO ] 2018-05-22 22:29:27.839 [pool-1-thread-1] FacebookApp - Login successful
[INFO ] 2018-05-22 22:29:27.858 [pool-1-thread-1] FacebookApp - Element is visible
[INFO ] 2018-05-22 22:29:27.898 [pool-1-thread-1] FacebookApp - Element is visible
[INFO ] 2018-05-22 22:29:27.900 [pool-1-thread-1] FacebookApp - Putting status message: Hi Facebook
[INFO ] 2018-05-22 22:29:32.172 [pool-1-thread-1] FacebookApp - Status posted successfully
[DEBUG] 2018-05-22 22:29:32.546 [pool-1-thread-1] BrowserFactory - Method called: getDriver
[INFO ] 2018-05-22 22:29:32.549 [pool-1-thread-1] BrowserFactory - Launching driver: googlechrome
[DEBUG] 2018-05-22 22:29:32.549 [pool-1-thread-1] BrowserFactory - Method called: createChromeDriver
[DEBUG] 2018-05-22 22:31:28.936 [pool-1-thread-1] BrowserFactory - Method called: getDriver
[INFO ] 2018-05-22 22:31:28.938 [pool-1-thread-1] BrowserFactory - Launching driver: googlechrome
[DEBUG] 2018-05-22 22:31:28.938 [pool-1-thread-1] BrowserFactory - Method called: createChromeDriver
[DEBUG] 2018-05-22 22:31:31.473 [pool-1-thread-1] BrowserFactory - Method called: getDriver
[INFO ] 2018-05-22 22:31:31.474 [pool-1-thread-1] BrowserFactory - Launching driver: googlechrome
[DEBUG] 2018-05-22 22:31:31.475 [pool-1-thread-1] BrowserFactory - Method called: createChromeDriver
[INFO ] 2018-05-22 22:31:32.788 [pool-1-thread-1] FacebookApp - Initializing page objects...
[INFO ] 2018-05-22 22:31:32.825 [pool-1-thread-1] FacebookApp - Page object initialization finished
[DEBUG] 2018-05-22 22:31:32.845 [pool-1-thread-1] FacebookApp - Opening facebook url: https://www.facebook.com
[INFO ] 2018-05-22 22:31:32.846 [pool-1-thread-1] FacebookApp - URL: https://www.facebook.com
[INFO ] 2018-05-22 22:31:37.651 [pool-1-thread-1] FacebookApp - Facebook opened successfully
[DEBUG] 2018-05-22 22:31:37.652 [pool-1-thread-1] FacebookApp - Login into the portal with email: 8348624794 and password: magicalme2287
[INFO ] 2018-05-22 22:31:45.509 [pool-1-thread-1] FacebookApp - Login successful
[INFO ] 2018-05-22 22:31:45.529 [pool-1-thread-1] FacebookApp - Element is visible
[INFO ] 2018-05-22 22:31:45.568 [pool-1-thread-1] FacebookApp - Element is visible
[INFO ] 2018-05-22 22:31:45.569 [pool-1-thread-1] FacebookApp - Putting status message: Hi Facebook
[INFO ] 2018-05-22 22:31:52.508 [pool-1-thread-1] FacebookApp - Status posted successfully
[DEBUG] 2018-05-22 22:31:52.745 [pool-1-thread-1] BrowserFactory - Method called: getDriver
[INFO ] 2018-05-22 22:31:52.745 [pool-1-thread-1] BrowserFactory - Launching driver: googlechrome
[DEBUG] 2018-05-22 22:31:52.746 [pool-1-thread-1] BrowserFactory - Method called: createChromeDriver
[DEBUG] 2018-05-22 23:12:45.436 [pool-1-thread-1] BrowserFactory - Method called: getDriver
[INFO ] 2018-05-22 23:12:45.439 [pool-1-thread-1] BrowserFactory - Launching driver: googlechrome
[DEBUG] 2018-05-22 23:12:45.439 [pool-1-thread-1] BrowserFactory - Method called: createChromeDriver
[INFO ] 2018-05-22 23:12:48.151 [pool-1-thread-1] FacebookApp - Initializing page objects...
[INFO ] 2018-05-22 23:12:48.189 [pool-1-thread-1] FacebookApp - Page object initialization finished
[DEBUG] 2018-05-22 23:12:48.193 [pool-1-thread-1] FacebookApp - Opening facebook url: https://www.facebook.com
[INFO ] 2018-05-22 23:12:48.194 [pool-1-thread-1] FacebookApp - URL: https://www.facebook.com
[INFO ] 2018-05-22 23:12:53.560 [pool-1-thread-1] FacebookApp - Facebook opened successfully
[DEBUG] 2018-05-22 23:12:53.561 [pool-1-thread-1] FacebookApp - Login into the portal with email: 8348624794 and password: magicalme2287
[INFO ] 2018-05-22 23:12:59.896 [pool-1-thread-1] FacebookApp - Login successful
[INFO ] 2018-05-22 23:12:59.933 [pool-1-thread-1] FacebookApp - Element is visible
[INFO ] 2018-05-22 23:12:59.968 [pool-1-thread-1] FacebookApp - Element is visible
[INFO ] 2018-05-22 23:12:59.970 [pool-1-thread-1] FacebookApp - Putting status message: Hi Facebook
[ERROR] 2018-05-22 23:13:03.115 [pool-1-thread-1] FacebookStatusPost - Error occurred
org.openqa.selenium.NoSuchWindowException: no such window: target window already closed
from unknown error: web view not found
  (Session info: chrome=66.0.3359.181)
  (Driver info: chromedriver=2.38.552518 (183d19265345f54ce39cbb94cf81ba5f15905011),platform=Mac OS X 10.13.4 x86_64) (WARNING: The server did not provide any stacktrace information)
Command duration or timeout: 0 milliseconds
Build info: version: '3.8.1', revision: '6e95a6684b', time: '2017-12-01T18:33:54.468Z'
System info: host: 'Prasantas-MacBook-Pro.local', ip: '100.102.149.249', os.name: 'Mac OS X', os.arch: 'x86_64', os.version: '10.13.4', java.version: '1.8.0_112'
Driver info: org.openqa.selenium.chrome.ChromeDriver
Capabilities {acceptInsecureCerts: true, acceptSslCerts: true, applicationCacheEnabled: false, browserConnectionEnabled: false, browserName: chrome, chrome: {chromedriverVersion: 2.38.552518 (183d19265345f5..., userDataDir: /var/folders/66/r6f0wntx1h5...}, cssSelectorsEnabled: true, databaseEnabled: false, handlesAlerts: true, hasTouchScreen: false, javascriptEnabled: true, locationContextEnabled: true, mobileEmulationEnabled: false, nativeEvents: true, networkConnectionEnabled: false, pageLoadStrategy: normal, platform: MAC, platformName: MAC, rotatable: false, setWindowRect: true, takesHeapSnapshot: true, takesScreenshot: true, unexpectedAlertBehaviour: , unhandledPromptBehavior: , version: 66.0.3359.181, webStorageEnabled: true}
Session ID: 09fed03f51892de25256cf6c7bfbc45c
	at sun.reflect.NativeConstructorAccessorImpl.newInstance0(Native Method) ~[?:1.8.0_112]
	at sun.reflect.NativeConstructorAccessorImpl.newInstance(NativeConstructorAccessorImpl.java:62) ~[?:1.8.0_112]
	at sun.reflect.DelegatingConstructorAccessorImpl.newInstance(DelegatingConstructorAccessorImpl.java:45) ~[?:1.8.0_112]
	at java.lang.reflect.Constructor.newInstance(Constructor.java:423) ~[?:1.8.0_112]
	at org.openqa.selenium.remote.ErrorHandler.createThrowable(ErrorHandler.java:214) ~[selenium-remote-driver-3.8.1.jar:?]
	at org.openqa.selenium.remote.ErrorHandler.throwIfResponseFailed(ErrorHandler.java:166) ~[selenium-remote-driver-3.8.1.jar:?]
	at org.openqa.selenium.remote.http.JsonHttpResponseCodec.reconstructValue(JsonHttpResponseCodec.java:40) ~[selenium-remote-driver-3.8.1.jar:?]
	at org.openqa.selenium.remote.http.AbstractHttpResponseCodec.decode(AbstractHttpResponseCodec.java:80) ~[selenium-remote-driver-3.8.1.jar:?]
	at org.openqa.selenium.remote.http.AbstractHttpResponseCodec.decode(AbstractHttpResponseCodec.java:44) ~[selenium-remote-driver-3.8.1.jar:?]
	at org.openqa.selenium.remote.HttpCommandExecutor.execute(HttpCommandExecutor.java:164) ~[selenium-remote-driver-3.8.1.jar:?]
	at org.openqa.selenium.remote.service.DriverCommandExecutor.execute(DriverCommandExecutor.java:83) ~[selenium-remote-driver-3.8.1.jar:?]
	at org.openqa.selenium.remote.RemoteWebDriver.execute(RemoteWebDriver.java:601) ~[selenium-remote-driver-3.8.1.jar:?]
	at org.openqa.selenium.remote.RemoteExecuteMethod.execute(RemoteExecuteMethod.java:35) ~[selenium-remote-driver-3.8.1.jar:?]
	at org.openqa.selenium.remote.RemoteKeyboard.sendKeys(RemoteKeyboard.java:38) ~[selenium-remote-driver-3.8.1.jar:?]
	at org.openqa.selenium.interactions.SendKeysAction.perform(SendKeysAction.java:58) ~[selenium-remote-driver-3.8.1.jar:?]
	at org.openqa.selenium.interactions.CompositeAction.perform(CompositeAction.java:36) ~[selenium-remote-driver-3.8.1.jar:?]
	at org.openqa.selenium.interactions.Actions$BuiltAction.perform(Actions.java:641) ~[selenium-remote-driver-3.8.1.jar:?]
	at org.openqa.selenium.interactions.Actions.perform(Actions.java:594) ~[selenium-remote-driver-3.8.1.jar:?]
	at io.jbehavetutorials.appmodule.facebook.FacebookApp.putStatusMessage(FacebookApp.java:92) ~[classes/:?]
	at io.jbehavetutorials.steps.facebook.FacebookStatusPost.iPutMyStatusMessageInStatusBox(FacebookStatusPost.java:96) [classes/:?]
	at sun.reflect.NativeMethodAccessorImpl.invoke0(Native Method) ~[?:1.8.0_112]
	at sun.reflect.NativeMethodAccessorImpl.invoke(NativeMethodAccessorImpl.java:62) ~[?:1.8.0_112]
	at sun.reflect.DelegatingMethodAccessorImpl.invoke(DelegatingMethodAccessorImpl.java:43) ~[?:1.8.0_112]
	at java.lang.reflect.Method.invoke(Method.java:498) ~[?:1.8.0_112]
	at org.jbehave.core.steps.StepCreator$ParametrisedStep.perform(StepCreator.java:743) [jbehave-core-4.3.2.jar:?]
	at org.jbehave.core.embedder.PerformableTree$FineSoFar.run(PerformableTree.java:351) [jbehave-core-4.3.2.jar:?]
	at org.jbehave.core.embedder.PerformableTree$PerformableSteps.perform(PerformableTree.java:1165) [jbehave-core-4.3.2.jar:?]
	at org.jbehave.core.embedder.PerformableTree$AbstractPerformableScenario.performRestartableSteps(PerformableTree.java:1032) [jbehave-core-4.3.2.jar:?]
	at org.jbehave.core.embedder.PerformableTree$ExamplePerformableScenario.perform(PerformableTree.java:1097) [jbehave-core-4.3.2.jar:?]
	at org.jbehave.core.embedder.PerformableTree$PerformableScenario.perform(PerformableTree.java:962) [jbehave-core-4.3.2.jar:?]
	at org.jbehave.core.embedder.PerformableTree$PerformableStory.performScenarios(PerformableTree.java:867) [jbehave-core-4.3.2.jar:?]
	at org.jbehave.core.embedder.PerformableTree$PerformableStory.perform(PerformableTree.java:843) [jbehave-core-4.3.2.jar:?]
	at org.jbehave.core.embedder.PerformableTree.performCancellable(PerformableTree.java:427) [jbehave-core-4.3.2.jar:?]
	at org.jbehave.core.embedder.PerformableTree.perform(PerformableTree.java:398) [jbehave-core-4.3.2.jar:?]
	at org.jbehave.core.embedder.StoryManager$EnqueuedStory.call(StoryManager.java:292) [jbehave-core-4.3.2.jar:?]
	at org.jbehave.core.embedder.StoryManager$EnqueuedStory.call(StoryManager.java:266) [jbehave-core-4.3.2.jar:?]
	at java.util.concurrent.FutureTask.run(FutureTask.java:266) [?:1.8.0_112]
	at java.util.concurrent.ThreadPoolExecutor.runWorker(ThreadPoolExecutor.java:1142) [?:1.8.0_112]
	at java.util.concurrent.ThreadPoolExecutor$Worker.run(ThreadPoolExecutor.java:617) [?:1.8.0_112]
	at java.lang.Thread.run(Thread.java:745) [?:1.8.0_112]
[ERROR] 2018-05-22 23:13:03.139 [pool-1-thread-1] FacebookStatusPost - Error occurred
org.openqa.selenium.NoSuchWindowException: no such window: target window already closed
from unknown error: web view not found
  (Session info: chrome=66.0.3359.181)
  (Driver info: chromedriver=2.38.552518 (183d19265345f54ce39cbb94cf81ba5f15905011),platform=Mac OS X 10.13.4 x86_64) (WARNING: The server did not provide any stacktrace information)
Command duration or timeout: 0 milliseconds
Build info: version: '3.8.1', revision: '6e95a6684b', time: '2017-12-01T18:33:54.468Z'
System info: host: 'Prasantas-MacBook-Pro.local', ip: '100.102.149.249', os.name: 'Mac OS X', os.arch: 'x86_64', os.version: '10.13.4', java.version: '1.8.0_112'
Driver info: org.openqa.selenium.chrome.ChromeDriver
Capabilities {acceptInsecureCerts: true, acceptSslCerts: true, applicationCacheEnabled: false, browserConnectionEnabled: false, browserName: chrome, chrome: {chromedriverVersion: 2.38.552518 (183d19265345f5..., userDataDir: /var/folders/66/r6f0wntx1h5...}, cssSelectorsEnabled: true, databaseEnabled: false, handlesAlerts: true, hasTouchScreen: false, javascriptEnabled: true, locationContextEnabled: true, mobileEmulationEnabled: false, nativeEvents: true, networkConnectionEnabled: false, pageLoadStrategy: normal, platform: MAC, platformName: MAC, rotatable: false, setWindowRect: true, takesHeapSnapshot: true, takesScreenshot: true, unexpectedAlertBehaviour: , unhandledPromptBehavior: , version: 66.0.3359.181, webStorageEnabled: true}
Session ID: 09fed03f51892de25256cf6c7bfbc45c
*** Element info: {Using=xpath, value=//div[@id='feedx_sprouts_container']//button[@data-testid='react-composer-post-button']}
	at sun.reflect.NativeConstructorAccessorImpl.newInstance0(Native Method) ~[?:1.8.0_112]
	at sun.reflect.NativeConstructorAccessorImpl.newInstance(NativeConstructorAccessorImpl.java:62) ~[?:1.8.0_112]
	at sun.reflect.DelegatingConstructorAccessorImpl.newInstance(DelegatingConstructorAccessorImpl.java:45) ~[?:1.8.0_112]
	at java.lang.reflect.Constructor.newInstance(Constructor.java:423) ~[?:1.8.0_112]
	at org.openqa.selenium.remote.ErrorHandler.createThrowable(ErrorHandler.java:214) ~[selenium-remote-driver-3.8.1.jar:?]
	at org.openqa.selenium.remote.ErrorHandler.throwIfResponseFailed(ErrorHandler.java:166) ~[selenium-remote-driver-3.8.1.jar:?]
	at org.openqa.selenium.remote.http.JsonHttpResponseCodec.reconstructValue(JsonHttpResponseCodec.java:40) ~[selenium-remote-driver-3.8.1.jar:?]
	at org.openqa.selenium.remote.http.AbstractHttpResponseCodec.decode(AbstractHttpResponseCodec.java:80) ~[selenium-remote-driver-3.8.1.jar:?]
	at org.openqa.selenium.remote.http.AbstractHttpResponseCodec.decode(AbstractHttpResponseCodec.java:44) ~[selenium-remote-driver-3.8.1.jar:?]
	at org.openqa.selenium.remote.HttpCommandExecutor.execute(HttpCommandExecutor.java:164) ~[selenium-remote-driver-3.8.1.jar:?]
	at org.openqa.selenium.remote.service.DriverCommandExecutor.execute(DriverCommandExecutor.java:83) ~[selenium-remote-driver-3.8.1.jar:?]
	at org.openqa.selenium.remote.RemoteWebDriver.execute(RemoteWebDriver.java:601) ~[selenium-remote-driver-3.8.1.jar:?]
	at org.openqa.selenium.remote.RemoteWebDriver.findElement(RemoteWebDriver.java:371) ~[selenium-remote-driver-3.8.1.jar:?]
	at org.openqa.selenium.remote.RemoteWebDriver.findElementByXPath(RemoteWebDriver.java:473) ~[selenium-remote-driver-3.8.1.jar:?]
	at org.openqa.selenium.By$ByXPath.findElement(By.java:361) ~[selenium-api-3.8.1.jar:?]
	at org.openqa.selenium.remote.RemoteWebDriver.findElement(RemoteWebDriver.java:363) ~[selenium-remote-driver-3.8.1.jar:?]
	at org.openqa.selenium.support.pagefactory.DefaultElementLocator.findElement(DefaultElementLocator.java:69) ~[selenium-support-3.8.1.jar:?]
	at org.openqa.selenium.support.pagefactory.internal.LocatingElementHandler.invoke(LocatingElementHandler.java:38) ~[selenium-support-3.8.1.jar:?]
	at com.sun.proxy.$Proxy27.click(Unknown Source) ~[?:?]
	at io.jbehavetutorials.pageobjects.facebook.HomePage.clickPost(HomePage.java:29) ~[classes/:?]
	at io.jbehavetutorials.appmodule.facebook.FacebookApp.postStatus(FacebookApp.java:65) ~[classes/:?]
	at io.jbehavetutorials.steps.facebook.FacebookStatusPost.iClickPostButton(FacebookStatusPost.java:109) [classes/:?]
	at sun.reflect.NativeMethodAccessorImpl.invoke0(Native Method) ~[?:1.8.0_112]
	at sun.reflect.NativeMethodAccessorImpl.invoke(NativeMethodAccessorImpl.java:62) ~[?:1.8.0_112]
	at sun.reflect.DelegatingMethodAccessorImpl.invoke(DelegatingMethodAccessorImpl.java:43) ~[?:1.8.0_112]
	at java.lang.reflect.Method.invoke(Method.java:498) ~[?:1.8.0_112]
	at org.jbehave.core.steps.StepCreator$ParametrisedStep.perform(StepCreator.java:743) [jbehave-core-4.3.2.jar:?]
	at org.jbehave.core.embedder.PerformableTree$FineSoFar.run(PerformableTree.java:351) [jbehave-core-4.3.2.jar:?]
	at org.jbehave.core.embedder.PerformableTree$PerformableSteps.perform(PerformableTree.java:1165) [jbehave-core-4.3.2.jar:?]
	at org.jbehave.core.embedder.PerformableTree$AbstractPerformableScenario.performRestartableSteps(PerformableTree.java:1032) [jbehave-core-4.3.2.jar:?]
	at org.jbehave.core.embedder.PerformableTree$ExamplePerformableScenario.perform(PerformableTree.java:1097) [jbehave-core-4.3.2.jar:?]
	at org.jbehave.core.embedder.PerformableTree$PerformableScenario.perform(PerformableTree.java:962) [jbehave-core-4.3.2.jar:?]
	at org.jbehave.core.embedder.PerformableTree$PerformableStory.performScenarios(PerformableTree.java:867) [jbehave-core-4.3.2.jar:?]
	at org.jbehave.core.embedder.PerformableTree$PerformableStory.perform(PerformableTree.java:843) [jbehave-core-4.3.2.jar:?]
	at org.jbehave.core.embedder.PerformableTree.performCancellable(PerformableTree.java:427) [jbehave-core-4.3.2.jar:?]
	at org.jbehave.core.embedder.PerformableTree.perform(PerformableTree.java:398) [jbehave-core-4.3.2.jar:?]
	at org.jbehave.core.embedder.StoryManager$EnqueuedStory.call(StoryManager.java:292) [jbehave-core-4.3.2.jar:?]
	at org.jbehave.core.embedder.StoryManager$EnqueuedStory.call(StoryManager.java:266) [jbehave-core-4.3.2.jar:?]
	at java.util.concurrent.FutureTask.run(FutureTask.java:266) [?:1.8.0_112]
	at java.util.concurrent.ThreadPoolExecutor.runWorker(ThreadPoolExecutor.java:1142) [?:1.8.0_112]
	at java.util.concurrent.ThreadPoolExecutor$Worker.run(ThreadPoolExecutor.java:617) [?:1.8.0_112]
	at java.lang.Thread.run(Thread.java:745) [?:1.8.0_112]
[DEBUG] 2018-05-22 23:16:52.536 [pool-1-thread-1] BrowserFactory - Method called: getDriver
[INFO ] 2018-05-22 23:16:52.541 [pool-1-thread-1] BrowserFactory - Launching driver: googlechrome
[DEBUG] 2018-05-22 23:16:52.541 [pool-1-thread-1] BrowserFactory - Method called: createChromeDriver
[INFO ] 2018-05-22 23:16:55.266 [pool-1-thread-1] FacebookApp - Initializing page objects...
[INFO ] 2018-05-22 23:16:55.305 [pool-1-thread-1] FacebookApp - Page object initialization finished
[DEBUG] 2018-05-22 23:16:55.306 [pool-1-thread-1] FacebookApp - Opening facebook url: https://www.facebook.com
[INFO ] 2018-05-22 23:16:55.307 [pool-1-thread-1] FacebookApp - URL: https://www.facebook.com
[INFO ] 2018-05-22 23:16:58.937 [pool-1-thread-1] FacebookApp - Facebook opened successfully
[DEBUG] 2018-05-22 23:16:58.940 [pool-1-thread-1] FacebookApp - Login into the portal with email: 8348624794 and password: magicalme2287
[INFO ] 2018-05-22 23:17:07.834 [pool-1-thread-1] FacebookApp - Login successful
[INFO ] 2018-05-22 23:17:07.857 [pool-1-thread-1] FacebookApp - Element is visible
[INFO ] 2018-05-22 23:17:07.900 [pool-1-thread-1] FacebookApp - Element is visible
[INFO ] 2018-05-22 23:17:07.901 [pool-1-thread-1] FacebookApp - Putting status message: Hi Facebook
[INFO ] 2018-05-22 23:17:11.991 [pool-1-thread-1] FacebookApp - Status posted successfully
[DEBUG] 2018-05-22 23:30:48.323 [pool-1-thread-1] BrowserFactory - Method called: getDriver
[INFO ] 2018-05-22 23:30:48.326 [pool-1-thread-1] BrowserFactory - Launching driver: googlechrome
[DEBUG] 2018-05-22 23:30:48.326 [pool-1-thread-1] BrowserFactory - Method called: createChromeDriver
[INFO ] 2018-05-22 23:30:51.219 [pool-1-thread-1] FacebookApp - Initializing page objects...
[INFO ] 2018-05-22 23:30:51.259 [pool-1-thread-1] FacebookApp - Page object initialization finished
[DEBUG] 2018-05-22 23:30:51.261 [pool-1-thread-1] FacebookApp - Opening facebook url: https://www.facebook.com
[INFO ] 2018-05-22 23:30:51.261 [pool-1-thread-1] FacebookApp - URL: https://www.facebook.com
[INFO ] 2018-05-22 23:31:58.675 [pool-1-thread-1] FacebookApp - Facebook opened successfully
[DEBUG] 2018-05-22 23:34:13.626 [pool-1-thread-1] BrowserFactory - Method called: getDriver
[INFO ] 2018-05-22 23:34:13.628 [pool-1-thread-1] BrowserFactory - Launching driver: googlechrome
[DEBUG] 2018-05-22 23:34:13.628 [pool-1-thread-1] BrowserFactory - Method called: createChromeDriver
[INFO ] 2018-05-22 23:34:15.802 [pool-1-thread-1] FacebookApp - Initializing page objects...
[INFO ] 2018-05-22 23:34:15.840 [pool-1-thread-1] FacebookApp - Page object initialization finished
[DEBUG] 2018-05-22 23:34:15.858 [pool-1-thread-1] FacebookApp - Opening facebook url: https://www.facebook.com
[INFO ] 2018-05-22 23:34:15.858 [pool-1-thread-1] FacebookApp - URL: https://www.facebook.com
[INFO ] 2018-05-22 23:34:19.171 [pool-1-thread-1] FacebookApp - Facebook opened successfully
[DEBUG] 2018-05-22 23:34:19.172 [pool-1-thread-1] FacebookApp - Login into the portal with email: 8348624794 and password: magicalme2287
[INFO ] 2018-05-22 23:34:30.501 [pool-1-thread-1] FacebookApp - Login successful
[INFO ] 2018-05-22 23:34:30.531 [pool-1-thread-1] FacebookApp - Element is visible
[INFO ] 2018-05-22 23:34:30.565 [pool-1-thread-1] FacebookApp - Element is visible
[INFO ] 2018-05-22 23:34:30.569 [pool-1-thread-1] FacebookApp - Putting status message: Hi Facebook
[INFO ] 2018-05-22 23:34:34.843 [pool-1-thread-1] FacebookApp - Status posted successfully
[DEBUG] 2018-05-22 23:34:35.223 [pool-1-thread-1] BrowserFactory - Method called: getDriver
[INFO ] 2018-05-22 23:34:35.223 [pool-1-thread-1] BrowserFactory - Launching driver: googlechrome
[DEBUG] 2018-05-22 23:34:35.223 [pool-1-thread-1] BrowserFactory - Method called: createChromeDriver
[INFO ] 2018-05-22 23:34:36.452 [pool-1-thread-1] FacebookApp - Initializing page objects...
[INFO ] 2018-05-22 23:34:36.456 [pool-1-thread-1] FacebookApp - Page object initialization finished
[DEBUG] 2018-05-22 23:34:36.463 [pool-1-thread-1] FacebookApp - Opening facebook url: https://www.facebook.com
[INFO ] 2018-05-22 23:34:36.465 [pool-1-thread-1] FacebookApp - URL: https://www.facebook.com
[INFO ] 2018-05-22 23:34:39.445 [pool-1-thread-1] FacebookApp - Facebook opened successfully
[DEBUG] 2018-05-22 23:34:39.448 [pool-1-thread-1] FacebookApp - Login into the portal with email: 1234567 and password: abcdf
[ERROR] 2018-05-22 23:35:11.802 [pool-1-thread-1] FacebookStatusPost - Error occurred
org.openqa.selenium.TimeoutException: Expected condition failed: waiting for visibility of Proxy element for: DefaultElementLocator 'By.id: userNavigationLabel' (tried for 20 second(s) with 500 MILLISECONDS interval)
	at org.openqa.selenium.support.ui.WebDriverWait.timeoutException(WebDriverWait.java:82) ~[selenium-support-3.8.1.jar:?]
	at org.openqa.selenium.support.ui.FluentWait.until(FluentWait.java:231) ~[selenium-support-3.8.1.jar:?]
	at io.jbehavetutorials.appmodule.facebook.FacebookApp.login(FacebookApp.java:60) ~[classes/:?]
	at io.jbehavetutorials.steps.facebook.FacebookStatusPost.iLoginToFacebook(FacebookStatusPost.java:69) [classes/:?]
	at sun.reflect.NativeMethodAccessorImpl.invoke0(Native Method) ~[?:1.8.0_112]
	at sun.reflect.NativeMethodAccessorImpl.invoke(NativeMethodAccessorImpl.java:62) ~[?:1.8.0_112]
	at sun.reflect.DelegatingMethodAccessorImpl.invoke(DelegatingMethodAccessorImpl.java:43) ~[?:1.8.0_112]
	at java.lang.reflect.Method.invoke(Method.java:498) ~[?:1.8.0_112]
	at org.jbehave.core.steps.StepCreator$ParametrisedStep.perform(StepCreator.java:743) [jbehave-core-4.3.2.jar:?]
	at org.jbehave.core.embedder.PerformableTree$FineSoFar.run(PerformableTree.java:351) [jbehave-core-4.3.2.jar:?]
	at org.jbehave.core.embedder.PerformableTree$PerformableSteps.perform(PerformableTree.java:1165) [jbehave-core-4.3.2.jar:?]
	at org.jbehave.core.embedder.PerformableTree$AbstractPerformableScenario.performRestartableSteps(PerformableTree.java:1032) [jbehave-core-4.3.2.jar:?]
	at org.jbehave.core.embedder.PerformableTree$ExamplePerformableScenario.perform(PerformableTree.java:1097) [jbehave-core-4.3.2.jar:?]
	at org.jbehave.core.embedder.PerformableTree$PerformableScenario.perform(PerformableTree.java:962) [jbehave-core-4.3.2.jar:?]
	at org.jbehave.core.embedder.PerformableTree$PerformableStory.performScenarios(PerformableTree.java:867) [jbehave-core-4.3.2.jar:?]
	at org.jbehave.core.embedder.PerformableTree$PerformableStory.perform(PerformableTree.java:843) [jbehave-core-4.3.2.jar:?]
	at org.jbehave.core.embedder.PerformableTree.performCancellable(PerformableTree.java:427) [jbehave-core-4.3.2.jar:?]
	at org.jbehave.core.embedder.PerformableTree.perform(PerformableTree.java:398) [jbehave-core-4.3.2.jar:?]
	at org.jbehave.core.embedder.StoryManager$EnqueuedStory.call(StoryManager.java:292) [jbehave-core-4.3.2.jar:?]
	at org.jbehave.core.embedder.StoryManager$EnqueuedStory.call(StoryManager.java:266) [jbehave-core-4.3.2.jar:?]
	at java.util.concurrent.FutureTask.run(FutureTask.java:266) [?:1.8.0_112]
	at java.util.concurrent.ThreadPoolExecutor.runWorker(ThreadPoolExecutor.java:1142) [?:1.8.0_112]
	at java.util.concurrent.ThreadPoolExecutor$Worker.run(ThreadPoolExecutor.java:617) [?:1.8.0_112]
	at java.lang.Thread.run(Thread.java:745) [?:1.8.0_112]
Caused by: org.openqa.selenium.NoSuchElementException: no such element: Unable to locate element: {"method":"id","selector":"userNavigationLabel"}
  (Session info: chrome=66.0.3359.181)
  (Driver info: chromedriver=2.38.552518 (183d19265345f54ce39cbb94cf81ba5f15905011),platform=Mac OS X 10.13.4 x86_64) (WARNING: The server did not provide any stacktrace information)
Command duration or timeout: 0 milliseconds
For documentation on this error, please visit: http://seleniumhq.org/exceptions/no_such_element.html
Build info: version: '3.8.1', revision: '6e95a6684b', time: '2017-12-01T18:33:54.468Z'
System info: host: 'Prasantas-MacBook-Pro.local', ip: '100.102.149.249', os.name: 'Mac OS X', os.arch: 'x86_64', os.version: '10.13.4', java.version: '1.8.0_112'
Driver info: org.openqa.selenium.chrome.ChromeDriver
Capabilities {acceptInsecureCerts: true, acceptSslCerts: true, applicationCacheEnabled: false, browserConnectionEnabled: false, browserName: chrome, chrome: {chromedriverVersion: 2.38.552518 (183d19265345f5..., userDataDir: /var/folders/66/r6f0wntx1h5...}, cssSelectorsEnabled: true, databaseEnabled: false, handlesAlerts: true, hasTouchScreen: false, javascriptEnabled: true, locationContextEnabled: true, mobileEmulationEnabled: false, nativeEvents: true, networkConnectionEnabled: false, pageLoadStrategy: normal, platform: MAC, platformName: MAC, rotatable: false, setWindowRect: true, takesHeapSnapshot: true, takesScreenshot: true, unexpectedAlertBehaviour: , unhandledPromptBehavior: , version: 66.0.3359.181, webStorageEnabled: true}
Session ID: f714d6c075edc12269a3d9e641b78e20
*** Element info: {Using=id, value=userNavigationLabel}
	at sun.reflect.NativeConstructorAccessorImpl.newInstance0(Native Method) ~[?:1.8.0_112]
	at sun.reflect.NativeConstructorAccessorImpl.newInstance(NativeConstructorAccessorImpl.java:62) ~[?:1.8.0_112]
	at sun.reflect.DelegatingConstructorAccessorImpl.newInstance(DelegatingConstructorAccessorImpl.java:45) ~[?:1.8.0_112]
	at java.lang.reflect.Constructor.newInstance(Constructor.java:423) ~[?:1.8.0_112]
	at org.openqa.selenium.remote.ErrorHandler.createThrowable(ErrorHandler.java:214) ~[selenium-remote-driver-3.8.1.jar:?]
	at org.openqa.selenium.remote.ErrorHandler.throwIfResponseFailed(ErrorHandler.java:166) ~[selenium-remote-driver-3.8.1.jar:?]
	at org.openqa.selenium.remote.http.JsonHttpResponseCodec.reconstructValue(JsonHttpResponseCodec.java:40) ~[selenium-remote-driver-3.8.1.jar:?]
	at org.openqa.selenium.remote.http.AbstractHttpResponseCodec.decode(AbstractHttpResponseCodec.java:80) ~[selenium-remote-driver-3.8.1.jar:?]
	at org.openqa.selenium.remote.http.AbstractHttpResponseCodec.decode(AbstractHttpResponseCodec.java:44) ~[selenium-remote-driver-3.8.1.jar:?]
	at org.openqa.selenium.remote.HttpCommandExecutor.execute(HttpCommandExecutor.java:164) ~[selenium-remote-driver-3.8.1.jar:?]
	at org.openqa.selenium.remote.service.DriverCommandExecutor.execute(DriverCommandExecutor.java:83) ~[selenium-remote-driver-3.8.1.jar:?]
	at org.openqa.selenium.remote.RemoteWebDriver.execute(RemoteWebDriver.java:601) ~[selenium-remote-driver-3.8.1.jar:?]
	at org.openqa.selenium.remote.RemoteWebDriver.findElement(RemoteWebDriver.java:371) ~[selenium-remote-driver-3.8.1.jar:?]
	at org.openqa.selenium.remote.RemoteWebDriver.findElementById(RemoteWebDriver.java:417) ~[selenium-remote-driver-3.8.1.jar:?]
	at org.openqa.selenium.By$ById.findElement(By.java:218) ~[selenium-api-3.8.1.jar:?]
	at org.openqa.selenium.remote.RemoteWebDriver.findElement(RemoteWebDriver.java:363) ~[selenium-remote-driver-3.8.1.jar:?]
	at org.openqa.selenium.support.pagefactory.DefaultElementLocator.findElement(DefaultElementLocator.java:69) ~[selenium-support-3.8.1.jar:?]
	at org.openqa.selenium.support.pagefactory.internal.LocatingElementHandler.invoke(LocatingElementHandler.java:38) ~[selenium-support-3.8.1.jar:?]
	at com.sun.proxy.$Proxy28.isDisplayed(Unknown Source) ~[?:?]
	at org.openqa.selenium.support.ui.ExpectedConditions.elementIfVisible(ExpectedConditions.java:301) ~[selenium-support-3.8.1.jar:?]
	at org.openqa.selenium.support.ui.ExpectedConditions.access$100(ExpectedConditions.java:43) ~[selenium-support-3.8.1.jar:?]
	at org.openqa.selenium.support.ui.ExpectedConditions$10.apply(ExpectedConditions.java:287) ~[selenium-support-3.8.1.jar:?]
	at org.openqa.selenium.support.ui.ExpectedConditions$10.apply(ExpectedConditions.java:284) ~[selenium-support-3.8.1.jar:?]
	at org.openqa.selenium.support.ui.FluentWait.until(FluentWait.java:208) ~[selenium-support-3.8.1.jar:?]
	... 22 more
[INFO ] 2018-05-22 23:35:21.833 [pool-1-thread-1] FacebookApp - Element not present in current DOM
[DEBUG] 2018-05-22 23:43:52.461 [pool-1-thread-1] BrowserFactory - Method called: getDriver
[INFO ] 2018-05-22 23:43:52.463 [pool-1-thread-1] BrowserFactory - Launching driver: googlechrome
[DEBUG] 2018-05-22 23:43:52.464 [pool-1-thread-1] BrowserFactory - Method called: createChromeDriver
[INFO ] 2018-05-22 23:43:54.985 [pool-1-thread-1] FacebookApp - Initializing page objects...
[INFO ] 2018-05-22 23:43:55.063 [pool-1-thread-1] FacebookApp - Page object initialization finished
[DEBUG] 2018-05-22 23:43:55.064 [pool-1-thread-1] FacebookApp - Opening facebook url: https://www.facebook.com
[INFO ] 2018-05-22 23:43:55.065 [pool-1-thread-1] FacebookApp - URL: https://www.facebook.com
[INFO ] 2018-05-22 23:43:58.708 [pool-1-thread-1] FacebookApp - Facebook opened successfully
[DEBUG] 2018-05-22 23:43:58.715 [pool-1-thread-1] FacebookApp - Login into the portal with email: 8348624794 and password: magicalme2287
[INFO ] 2018-05-22 23:44:06.221 [pool-1-thread-1] FacebookApp - Login successful
[INFO ] 2018-05-22 23:44:06.256 [pool-1-thread-1] FacebookApp - Element is visible
[INFO ] 2018-05-22 23:44:06.294 [pool-1-thread-1] FacebookApp - Element is visible
[INFO ] 2018-05-22 23:44:06.297 [pool-1-thread-1] FacebookApp - Putting status message: Hi Facebook
[INFO ] 2018-05-22 23:44:10.338 [pool-1-thread-1] FacebookApp - Status posted successfully
[DEBUG] 2018-05-22 23:44:10.649 [pool-1-thread-1] BrowserFactory - Method called: getDriver
[INFO ] 2018-05-22 23:44:10.650 [pool-1-thread-1] BrowserFactory - Launching driver: googlechrome
[DEBUG] 2018-05-22 23:44:10.651 [pool-1-thread-1] BrowserFactory - Method called: createChromeDriver
[INFO ] 2018-05-22 23:44:11.771 [pool-1-thread-1] FacebookApp - Initializing page objects...
[INFO ] 2018-05-22 23:44:11.772 [pool-1-thread-1] FacebookApp - Page object initialization finished
[DEBUG] 2018-05-22 23:44:11.774 [pool-1-thread-1] FacebookApp - Opening facebook url: https://www.facebook.com
[INFO ] 2018-05-22 23:44:11.774 [pool-1-thread-1] FacebookApp - URL: https://www.facebook.com
[INFO ] 2018-05-22 23:44:14.871 [pool-1-thread-1] FacebookApp - Facebook opened successfully
[DEBUG] 2018-05-22 23:44:14.873 [pool-1-thread-1] FacebookApp - Login into the portal with email: 1234567 and password: abcdf
[ERROR] 2018-05-22 23:44:47.079 [pool-1-thread-1] FacebookStatusPost - Error occurred
org.openqa.selenium.TimeoutException: Expected condition failed: waiting for visibility of Proxy element for: DefaultElementLocator 'By.id: userNavigationLabel' (tried for 20 second(s) with 500 MILLISECONDS interval)
	at org.openqa.selenium.support.ui.WebDriverWait.timeoutException(WebDriverWait.java:82) ~[selenium-support-3.8.1.jar:?]
	at org.openqa.selenium.support.ui.FluentWait.until(FluentWait.java:231) ~[selenium-support-3.8.1.jar:?]
	at io.jbehavetutorials.appmodule.facebook.FacebookApp.login(FacebookApp.java:60) ~[classes/:?]
	at io.jbehavetutorials.steps.facebook.FacebookStatusPost.iLoginToFacebook(FacebookStatusPost.java:69) [classes/:?]
	at sun.reflect.NativeMethodAccessorImpl.invoke0(Native Method) ~[?:1.8.0_112]
	at sun.reflect.NativeMethodAccessorImpl.invoke(NativeMethodAccessorImpl.java:62) ~[?:1.8.0_112]
	at sun.reflect.DelegatingMethodAccessorImpl.invoke(DelegatingMethodAccessorImpl.java:43) ~[?:1.8.0_112]
	at java.lang.reflect.Method.invoke(Method.java:498) ~[?:1.8.0_112]
	at org.jbehave.core.steps.StepCreator$ParametrisedStep.perform(StepCreator.java:743) [jbehave-core-4.3.2.jar:?]
	at org.jbehave.core.embedder.PerformableTree$FineSoFar.run(PerformableTree.java:351) [jbehave-core-4.3.2.jar:?]
	at org.jbehave.core.embedder.PerformableTree$PerformableSteps.perform(PerformableTree.java:1165) [jbehave-core-4.3.2.jar:?]
	at org.jbehave.core.embedder.PerformableTree$AbstractPerformableScenario.performRestartableSteps(PerformableTree.java:1032) [jbehave-core-4.3.2.jar:?]
	at org.jbehave.core.embedder.PerformableTree$ExamplePerformableScenario.perform(PerformableTree.java:1097) [jbehave-core-4.3.2.jar:?]
	at org.jbehave.core.embedder.PerformableTree$PerformableScenario.perform(PerformableTree.java:962) [jbehave-core-4.3.2.jar:?]
	at org.jbehave.core.embedder.PerformableTree$PerformableStory.performScenarios(PerformableTree.java:867) [jbehave-core-4.3.2.jar:?]
	at org.jbehave.core.embedder.PerformableTree$PerformableStory.perform(PerformableTree.java:843) [jbehave-core-4.3.2.jar:?]
	at org.jbehave.core.embedder.PerformableTree.performCancellable(PerformableTree.java:427) [jbehave-core-4.3.2.jar:?]
	at org.jbehave.core.embedder.PerformableTree.perform(PerformableTree.java:398) [jbehave-core-4.3.2.jar:?]
	at org.jbehave.core.embedder.StoryManager$EnqueuedStory.call(StoryManager.java:292) [jbehave-core-4.3.2.jar:?]
	at org.jbehave.core.embedder.StoryManager$EnqueuedStory.call(StoryManager.java:266) [jbehave-core-4.3.2.jar:?]
	at java.util.concurrent.FutureTask.run(FutureTask.java:266) [?:1.8.0_112]
	at java.util.concurrent.ThreadPoolExecutor.runWorker(ThreadPoolExecutor.java:1142) [?:1.8.0_112]
	at java.util.concurrent.ThreadPoolExecutor$Worker.run(ThreadPoolExecutor.java:617) [?:1.8.0_112]
	at java.lang.Thread.run(Thread.java:745) [?:1.8.0_112]
Caused by: org.openqa.selenium.NoSuchElementException: no such element: Unable to locate element: {"method":"id","selector":"userNavigationLabel"}
  (Session info: chrome=66.0.3359.181)
  (Driver info: chromedriver=2.38.552518 (183d19265345f54ce39cbb94cf81ba5f15905011),platform=Mac OS X 10.13.4 x86_64) (WARNING: The server did not provide any stacktrace information)
Command duration or timeout: 0 milliseconds
For documentation on this error, please visit: http://seleniumhq.org/exceptions/no_such_element.html
Build info: version: '3.8.1', revision: '6e95a6684b', time: '2017-12-01T18:33:54.468Z'
System info: host: 'Prasantas-MacBook-Pro.local', ip: '100.102.149.249', os.name: 'Mac OS X', os.arch: 'x86_64', os.version: '10.13.4', java.version: '1.8.0_112'
Driver info: org.openqa.selenium.chrome.ChromeDriver
Capabilities {acceptInsecureCerts: true, acceptSslCerts: true, applicationCacheEnabled: false, browserConnectionEnabled: false, browserName: chrome, chrome: {chromedriverVersion: 2.38.552518 (183d19265345f5..., userDataDir: /var/folders/66/r6f0wntx1h5...}, cssSelectorsEnabled: true, databaseEnabled: false, handlesAlerts: true, hasTouchScreen: false, javascriptEnabled: true, locationContextEnabled: true, mobileEmulationEnabled: false, nativeEvents: true, networkConnectionEnabled: false, pageLoadStrategy: normal, platform: MAC, platformName: MAC, rotatable: false, setWindowRect: true, takesHeapSnapshot: true, takesScreenshot: true, unexpectedAlertBehaviour: , unhandledPromptBehavior: , version: 66.0.3359.181, webStorageEnabled: true}
Session ID: 76e1698ebe811675731d2973e9f09286
*** Element info: {Using=id, value=userNavigationLabel}
	at sun.reflect.NativeConstructorAccessorImpl.newInstance0(Native Method) ~[?:1.8.0_112]
	at sun.reflect.NativeConstructorAccessorImpl.newInstance(NativeConstructorAccessorImpl.java:62) ~[?:1.8.0_112]
	at sun.reflect.DelegatingConstructorAccessorImpl.newInstance(DelegatingConstructorAccessorImpl.java:45) ~[?:1.8.0_112]
	at java.lang.reflect.Constructor.newInstance(Constructor.java:423) ~[?:1.8.0_112]
	at org.openqa.selenium.remote.ErrorHandler.createThrowable(ErrorHandler.java:214) ~[selenium-remote-driver-3.8.1.jar:?]
	at org.openqa.selenium.remote.ErrorHandler.throwIfResponseFailed(ErrorHandler.java:166) ~[selenium-remote-driver-3.8.1.jar:?]
	at org.openqa.selenium.remote.http.JsonHttpResponseCodec.reconstructValue(JsonHttpResponseCodec.java:40) ~[selenium-remote-driver-3.8.1.jar:?]
	at org.openqa.selenium.remote.http.AbstractHttpResponseCodec.decode(AbstractHttpResponseCodec.java:80) ~[selenium-remote-driver-3.8.1.jar:?]
	at org.openqa.selenium.remote.http.AbstractHttpResponseCodec.decode(AbstractHttpResponseCodec.java:44) ~[selenium-remote-driver-3.8.1.jar:?]
	at org.openqa.selenium.remote.HttpCommandExecutor.execute(HttpCommandExecutor.java:164) ~[selenium-remote-driver-3.8.1.jar:?]
	at org.openqa.selenium.remote.service.DriverCommandExecutor.execute(DriverCommandExecutor.java:83) ~[selenium-remote-driver-3.8.1.jar:?]
	at org.openqa.selenium.remote.RemoteWebDriver.execute(RemoteWebDriver.java:601) ~[selenium-remote-driver-3.8.1.jar:?]
	at org.openqa.selenium.remote.RemoteWebDriver.findElement(RemoteWebDriver.java:371) ~[selenium-remote-driver-3.8.1.jar:?]
	at org.openqa.selenium.remote.RemoteWebDriver.findElementById(RemoteWebDriver.java:417) ~[selenium-remote-driver-3.8.1.jar:?]
	at org.openqa.selenium.By$ById.findElement(By.java:218) ~[selenium-api-3.8.1.jar:?]
	at org.openqa.selenium.remote.RemoteWebDriver.findElement(RemoteWebDriver.java:363) ~[selenium-remote-driver-3.8.1.jar:?]
	at org.openqa.selenium.support.pagefactory.DefaultElementLocator.findElement(DefaultElementLocator.java:69) ~[selenium-support-3.8.1.jar:?]
	at org.openqa.selenium.support.pagefactory.internal.LocatingElementHandler.invoke(LocatingElementHandler.java:38) ~[selenium-support-3.8.1.jar:?]
	at com.sun.proxy.$Proxy28.isDisplayed(Unknown Source) ~[?:?]
	at org.openqa.selenium.support.ui.ExpectedConditions.elementIfVisible(ExpectedConditions.java:301) ~[selenium-support-3.8.1.jar:?]
	at org.openqa.selenium.support.ui.ExpectedConditions.access$100(ExpectedConditions.java:43) ~[selenium-support-3.8.1.jar:?]
	at org.openqa.selenium.support.ui.ExpectedConditions$10.apply(ExpectedConditions.java:287) ~[selenium-support-3.8.1.jar:?]
	at org.openqa.selenium.support.ui.ExpectedConditions$10.apply(ExpectedConditions.java:284) ~[selenium-support-3.8.1.jar:?]
	at org.openqa.selenium.support.ui.FluentWait.until(FluentWait.java:208) ~[selenium-support-3.8.1.jar:?]
	... 22 more
[INFO ] 2018-05-22 23:44:57.116 [pool-1-thread-1] FacebookApp - Element not present in current DOM
[DEBUG] 2018-05-22 23:45:56.858 [pool-1-thread-1] BrowserFactory - Method called: getDriver
[INFO ] 2018-05-22 23:45:56.860 [pool-1-thread-1] BrowserFactory - Launching driver: googlechrome
[DEBUG] 2018-05-22 23:45:56.861 [pool-1-thread-1] BrowserFactory - Method called: createChromeDriver
[INFO ] 2018-05-22 23:45:59.507 [pool-1-thread-1] FacebookApp - Initializing page objects...
[INFO ] 2018-05-22 23:45:59.585 [pool-1-thread-1] FacebookApp - Page object initialization finished
[DEBUG] 2018-05-22 23:45:59.589 [pool-1-thread-1] FacebookApp - Opening facebook url: https://www.facebook.com
[INFO ] 2018-05-22 23:45:59.590 [pool-1-thread-1] FacebookApp - URL: https://www.facebook.com
[INFO ] 2018-05-22 23:46:03.460 [pool-1-thread-1] FacebookApp - Facebook opened successfully
[DEBUG] 2018-05-22 23:46:03.462 [pool-1-thread-1] FacebookApp - Login into the portal with email: 8348624794 and password: magicalme2287
[INFO ] 2018-05-22 23:46:11.363 [pool-1-thread-1] FacebookApp - Login successful
[INFO ] 2018-05-22 23:46:11.424 [pool-1-thread-1] FacebookApp - Element is visible
[INFO ] 2018-05-22 23:46:11.462 [pool-1-thread-1] FacebookApp - Element is visible
[INFO ] 2018-05-22 23:46:11.463 [pool-1-thread-1] FacebookApp - Putting status message: Hi Facebook
[INFO ] 2018-05-22 23:46:15.465 [pool-1-thread-1] FacebookApp - Status posted successfully
[DEBUG] 2018-05-22 23:46:15.778 [pool-1-thread-1] BrowserFactory - Method called: getDriver
[INFO ] 2018-05-22 23:46:15.780 [pool-1-thread-1] BrowserFactory - Launching driver: googlechrome
[DEBUG] 2018-05-22 23:46:15.781 [pool-1-thread-1] BrowserFactory - Method called: createChromeDriver
[INFO ] 2018-05-22 23:46:17.021 [pool-1-thread-1] FacebookApp - Initializing page objects...
[INFO ] 2018-05-22 23:46:17.025 [pool-1-thread-1] FacebookApp - Page object initialization finished
[DEBUG] 2018-05-22 23:46:17.027 [pool-1-thread-1] FacebookApp - Opening facebook url: https://www.facebook.com
[INFO ] 2018-05-22 23:46:17.028 [pool-1-thread-1] FacebookApp - URL: https://www.facebook.com
[INFO ] 2018-05-22 23:46:20.549 [pool-1-thread-1] FacebookApp - Facebook opened successfully
[DEBUG] 2018-05-22 23:46:20.551 [pool-1-thread-1] FacebookApp - Login into the portal with email: 1234567 and password: abcdf
[INFO ] 2018-05-22 23:46:22.092 [pool-1-thread-1] FacebookApp - Login successful
[ERROR] 2018-05-22 23:46:52.685 [pool-1-thread-1] FacebookStatusPost - Error occurred
org.openqa.selenium.TimeoutException: Expected condition failed: waiting for visibility of Proxy element for: DefaultElementLocator 'By.id: userNavigationLabel' (tried for 20 second(s) with 500 MILLISECONDS interval)
	at org.openqa.selenium.support.ui.WebDriverWait.timeoutException(WebDriverWait.java:82) ~[selenium-support-3.8.1.jar:?]
	at org.openqa.selenium.support.ui.FluentWait.until(FluentWait.java:231) ~[selenium-support-3.8.1.jar:?]
	at io.jbehavetutorials.appmodule.facebook.FacebookApp.waitForLogin(FacebookApp.java:95) ~[classes/:?]
	at io.jbehavetutorials.steps.facebook.FacebookStatusPost.iLoginToFacebook(FacebookStatusPost.java:70) [classes/:?]
	at sun.reflect.NativeMethodAccessorImpl.invoke0(Native Method) ~[?:1.8.0_112]
	at sun.reflect.NativeMethodAccessorImpl.invoke(NativeMethodAccessorImpl.java:62) ~[?:1.8.0_112]
	at sun.reflect.DelegatingMethodAccessorImpl.invoke(DelegatingMethodAccessorImpl.java:43) ~[?:1.8.0_112]
	at java.lang.reflect.Method.invoke(Method.java:498) ~[?:1.8.0_112]
	at org.jbehave.core.steps.StepCreator$ParametrisedStep.perform(StepCreator.java:743) [jbehave-core-4.3.2.jar:?]
	at org.jbehave.core.embedder.PerformableTree$FineSoFar.run(PerformableTree.java:351) [jbehave-core-4.3.2.jar:?]
	at org.jbehave.core.embedder.PerformableTree$PerformableSteps.perform(PerformableTree.java:1165) [jbehave-core-4.3.2.jar:?]
	at org.jbehave.core.embedder.PerformableTree$AbstractPerformableScenario.performRestartableSteps(PerformableTree.java:1032) [jbehave-core-4.3.2.jar:?]
	at org.jbehave.core.embedder.PerformableTree$ExamplePerformableScenario.perform(PerformableTree.java:1097) [jbehave-core-4.3.2.jar:?]
	at org.jbehave.core.embedder.PerformableTree$PerformableScenario.perform(PerformableTree.java:962) [jbehave-core-4.3.2.jar:?]
	at org.jbehave.core.embedder.PerformableTree$PerformableStory.performScenarios(PerformableTree.java:867) [jbehave-core-4.3.2.jar:?]
	at org.jbehave.core.embedder.PerformableTree$PerformableStory.perform(PerformableTree.java:843) [jbehave-core-4.3.2.jar:?]
	at org.jbehave.core.embedder.PerformableTree.performCancellable(PerformableTree.java:427) [jbehave-core-4.3.2.jar:?]
	at org.jbehave.core.embedder.PerformableTree.perform(PerformableTree.java:398) [jbehave-core-4.3.2.jar:?]
	at org.jbehave.core.embedder.StoryManager$EnqueuedStory.call(StoryManager.java:292) [jbehave-core-4.3.2.jar:?]
	at org.jbehave.core.embedder.StoryManager$EnqueuedStory.call(StoryManager.java:266) [jbehave-core-4.3.2.jar:?]
	at java.util.concurrent.FutureTask.run(FutureTask.java:266) [?:1.8.0_112]
	at java.util.concurrent.ThreadPoolExecutor.runWorker(ThreadPoolExecutor.java:1142) [?:1.8.0_112]
	at java.util.concurrent.ThreadPoolExecutor$Worker.run(ThreadPoolExecutor.java:617) [?:1.8.0_112]
	at java.lang.Thread.run(Thread.java:745) [?:1.8.0_112]
Caused by: org.openqa.selenium.NoSuchElementException: no such element: Unable to locate element: {"method":"id","selector":"userNavigationLabel"}
  (Session info: chrome=66.0.3359.181)
  (Driver info: chromedriver=2.38.552518 (183d19265345f54ce39cbb94cf81ba5f15905011),platform=Mac OS X 10.13.4 x86_64) (WARNING: The server did not provide any stacktrace information)
Command duration or timeout: 0 milliseconds
For documentation on this error, please visit: http://seleniumhq.org/exceptions/no_such_element.html
Build info: version: '3.8.1', revision: '6e95a6684b', time: '2017-12-01T18:33:54.468Z'
System info: host: 'Prasantas-MacBook-Pro.local', ip: '100.102.149.249', os.name: 'Mac OS X', os.arch: 'x86_64', os.version: '10.13.4', java.version: '1.8.0_112'
Driver info: org.openqa.selenium.chrome.ChromeDriver
Capabilities {acceptInsecureCerts: true, acceptSslCerts: true, applicationCacheEnabled: false, browserConnectionEnabled: false, browserName: chrome, chrome: {chromedriverVersion: 2.38.552518 (183d19265345f5..., userDataDir: /var/folders/66/r6f0wntx1h5...}, cssSelectorsEnabled: true, databaseEnabled: false, handlesAlerts: true, hasTouchScreen: false, javascriptEnabled: true, locationContextEnabled: true, mobileEmulationEnabled: false, nativeEvents: true, networkConnectionEnabled: false, pageLoadStrategy: normal, platform: MAC, platformName: MAC, rotatable: false, setWindowRect: true, takesHeapSnapshot: true, takesScreenshot: true, unexpectedAlertBehaviour: , unhandledPromptBehavior: , version: 66.0.3359.181, webStorageEnabled: true}
Session ID: 4ce6d669475a1de5c4e3419cfa1e3b28
*** Element info: {Using=id, value=userNavigationLabel}
	at sun.reflect.NativeConstructorAccessorImpl.newInstance0(Native Method) ~[?:1.8.0_112]
	at sun.reflect.NativeConstructorAccessorImpl.newInstance(NativeConstructorAccessorImpl.java:62) ~[?:1.8.0_112]
	at sun.reflect.DelegatingConstructorAccessorImpl.newInstance(DelegatingConstructorAccessorImpl.java:45) ~[?:1.8.0_112]
	at java.lang.reflect.Constructor.newInstance(Constructor.java:423) ~[?:1.8.0_112]
	at org.openqa.selenium.remote.ErrorHandler.createThrowable(ErrorHandler.java:214) ~[selenium-remote-driver-3.8.1.jar:?]
	at org.openqa.selenium.remote.ErrorHandler.throwIfResponseFailed(ErrorHandler.java:166) ~[selenium-remote-driver-3.8.1.jar:?]
	at org.openqa.selenium.remote.http.JsonHttpResponseCodec.reconstructValue(JsonHttpResponseCodec.java:40) ~[selenium-remote-driver-3.8.1.jar:?]
	at org.openqa.selenium.remote.http.AbstractHttpResponseCodec.decode(AbstractHttpResponseCodec.java:80) ~[selenium-remote-driver-3.8.1.jar:?]
	at org.openqa.selenium.remote.http.AbstractHttpResponseCodec.decode(AbstractHttpResponseCodec.java:44) ~[selenium-remote-driver-3.8.1.jar:?]
	at org.openqa.selenium.remote.HttpCommandExecutor.execute(HttpCommandExecutor.java:164) ~[selenium-remote-driver-3.8.1.jar:?]
	at org.openqa.selenium.remote.service.DriverCommandExecutor.execute(DriverCommandExecutor.java:83) ~[selenium-remote-driver-3.8.1.jar:?]
	at org.openqa.selenium.remote.RemoteWebDriver.execute(RemoteWebDriver.java:601) ~[selenium-remote-driver-3.8.1.jar:?]
	at org.openqa.selenium.remote.RemoteWebDriver.findElement(RemoteWebDriver.java:371) ~[selenium-remote-driver-3.8.1.jar:?]
	at org.openqa.selenium.remote.RemoteWebDriver.findElementById(RemoteWebDriver.java:417) ~[selenium-remote-driver-3.8.1.jar:?]
	at org.openqa.selenium.By$ById.findElement(By.java:218) ~[selenium-api-3.8.1.jar:?]
	at org.openqa.selenium.remote.RemoteWebDriver.findElement(RemoteWebDriver.java:363) ~[selenium-remote-driver-3.8.1.jar:?]
	at org.openqa.selenium.support.pagefactory.DefaultElementLocator.findElement(DefaultElementLocator.java:69) ~[selenium-support-3.8.1.jar:?]
	at org.openqa.selenium.support.pagefactory.internal.LocatingElementHandler.invoke(LocatingElementHandler.java:38) ~[selenium-support-3.8.1.jar:?]
	at com.sun.proxy.$Proxy28.isDisplayed(Unknown Source) ~[?:?]
	at org.openqa.selenium.support.ui.ExpectedConditions.elementIfVisible(ExpectedConditions.java:301) ~[selenium-support-3.8.1.jar:?]
	at org.openqa.selenium.support.ui.ExpectedConditions.access$100(ExpectedConditions.java:43) ~[selenium-support-3.8.1.jar:?]
	at org.openqa.selenium.support.ui.ExpectedConditions$10.apply(ExpectedConditions.java:287) ~[selenium-support-3.8.1.jar:?]
	at org.openqa.selenium.support.ui.ExpectedConditions$10.apply(ExpectedConditions.java:284) ~[selenium-support-3.8.1.jar:?]
	at org.openqa.selenium.support.ui.FluentWait.until(FluentWait.java:208) ~[selenium-support-3.8.1.jar:?]
	... 22 more
[INFO ] 2018-05-22 23:47:02.727 [pool-1-thread-1] FacebookApp - Element not present in current DOM
[DEBUG] 2018-05-22 23:47:35.625 [pool-1-thread-1] BrowserFactory - Method called: getDriver
[INFO ] 2018-05-22 23:47:35.626 [pool-1-thread-1] BrowserFactory - Launching driver: googlechrome
[DEBUG] 2018-05-22 23:47:35.627 [pool-1-thread-1] BrowserFactory - Method called: createChromeDriver
[INFO ] 2018-05-22 23:47:38.077 [pool-1-thread-1] FacebookApp - Initializing page objects...
[INFO ] 2018-05-22 23:47:38.117 [pool-1-thread-1] FacebookApp - Page object initialization finished
[DEBUG] 2018-05-22 23:47:38.119 [pool-1-thread-1] FacebookApp - Opening facebook url: https://www.facebook.com
[INFO ] 2018-05-22 23:47:38.119 [pool-1-thread-1] FacebookApp - URL: https://www.facebook.com
[INFO ] 2018-05-22 23:47:42.038 [pool-1-thread-1] FacebookApp - Facebook opened successfully
[DEBUG] 2018-05-22 23:47:42.040 [pool-1-thread-1] FacebookApp - Login into the portal with email: 8348624794 and password: magicalme2287
[INFO ] 2018-05-22 23:47:50.183 [pool-1-thread-1] FacebookApp - Login successful
[INFO ] 2018-05-22 23:47:50.219 [pool-1-thread-1] FacebookApp - Element is visible
[INFO ] 2018-05-22 23:47:50.252 [pool-1-thread-1] FacebookApp - Element is visible
[INFO ] 2018-05-22 23:47:50.253 [pool-1-thread-1] FacebookApp - Putting status message: Hi Facebook
[INFO ] 2018-05-22 23:47:56.332 [pool-1-thread-1] FacebookApp - Status posted successfully
[DEBUG] 2018-05-22 23:47:57.635 [pool-1-thread-1] BrowserFactory - Method called: getDriver
[INFO ] 2018-05-22 23:47:57.635 [pool-1-thread-1] BrowserFactory - Launching driver: googlechrome
[DEBUG] 2018-05-22 23:47:57.636 [pool-1-thread-1] BrowserFactory - Method called: createChromeDriver
[INFO ] 2018-05-22 23:47:58.777 [pool-1-thread-1] FacebookApp - Initializing page objects...
[INFO ] 2018-05-22 23:47:58.784 [pool-1-thread-1] FacebookApp - Page object initialization finished
[DEBUG] 2018-05-22 23:47:58.791 [pool-1-thread-1] FacebookApp - Opening facebook url: https://www.facebook.com
[INFO ] 2018-05-22 23:47:58.792 [pool-1-thread-1] FacebookApp - URL: https://www.facebook.com
[INFO ] 2018-05-22 23:48:02.336 [pool-1-thread-1] FacebookApp - Facebook opened successfully
[DEBUG] 2018-05-22 23:48:02.337 [pool-1-thread-1] FacebookApp - Login into the portal with email: 1234567 and password: abcdf
[INFO ] 2018-05-22 23:48:03.925 [pool-1-thread-1] FacebookApp - Login successful
[INFO ] 2018-05-22 23:48:13.979 [pool-1-thread-1] FacebookApp - Element not present in current DOM
[DEBUG] 2018-05-22 23:56:07.503 [pool-1-thread-1] BrowserFactory - Method called: getDriver
[INFO ] 2018-05-22 23:56:07.520 [pool-1-thread-1] BrowserFactory - Launching driver: googlechrome
[DEBUG] 2018-05-22 23:56:07.522 [pool-1-thread-1] BrowserFactory - Method called: createChromeDriver
[INFO ] 2018-05-22 23:56:36.115 [pool-1-thread-1] FacebookApp - Initializing page objects...
[ERROR] 2018-05-22 23:57:18.366 [pool-1-thread-1] FacebookStatusPost - Error
java.lang.NullPointerException
	at com.google.common.base.Preconditions.checkNotNull(Preconditions.java:787) ~[guava-23.0.jar:?]
	at org.openqa.selenium.support.ui.FluentWait.<init>(FluentWait.java:96) ~[selenium-support-3.8.1.jar:?]
	at org.openqa.selenium.support.ui.WebDriverWait.<init>(WebDriverWait.java:72) ~[selenium-support-3.8.1.jar:?]
	at org.openqa.selenium.support.ui.WebDriverWait.<init>(WebDriverWait.java:46) ~[selenium-support-3.8.1.jar:?]
	at io.jbehavetutorials.appmodule.facebook.FacebookApp.<init>(FacebookApp.java:41) ~[classes/:?]
	at io.jbehavetutorials.steps.facebook.FacebookStatusPost.iHaveAFacebookAccount(FacebookStatusPost.java:42) [classes/:?]
	at sun.reflect.NativeMethodAccessorImpl.invoke0(Native Method) ~[?:1.8.0_112]
	at sun.reflect.NativeMethodAccessorImpl.invoke(NativeMethodAccessorImpl.java:62) ~[?:1.8.0_112]
	at sun.reflect.DelegatingMethodAccessorImpl.invoke(DelegatingMethodAccessorImpl.java:43) ~[?:1.8.0_112]
	at java.lang.reflect.Method.invoke(Method.java:498) ~[?:1.8.0_112]
	at org.jbehave.core.steps.StepCreator$ParametrisedStep.perform(StepCreator.java:743) [jbehave-core-4.3.2.jar:?]
	at org.jbehave.core.embedder.PerformableTree$FineSoFar.run(PerformableTree.java:351) [jbehave-core-4.3.2.jar:?]
	at org.jbehave.core.embedder.PerformableTree$PerformableSteps.perform(PerformableTree.java:1165) [jbehave-core-4.3.2.jar:?]
	at org.jbehave.core.embedder.PerformableTree$AbstractPerformableScenario.performRestartableSteps(PerformableTree.java:1032) [jbehave-core-4.3.2.jar:?]
	at org.jbehave.core.embedder.PerformableTree$ExamplePerformableScenario.perform(PerformableTree.java:1097) [jbehave-core-4.3.2.jar:?]
	at org.jbehave.core.embedder.PerformableTree$PerformableScenario.perform(PerformableTree.java:962) [jbehave-core-4.3.2.jar:?]
	at org.jbehave.core.embedder.PerformableTree$PerformableStory.performScenarios(PerformableTree.java:867) [jbehave-core-4.3.2.jar:?]
	at org.jbehave.core.embedder.PerformableTree$PerformableStory.perform(PerformableTree.java:843) [jbehave-core-4.3.2.jar:?]
	at org.jbehave.core.embedder.PerformableTree.performCancellable(PerformableTree.java:427) [jbehave-core-4.3.2.jar:?]
	at org.jbehave.core.embedder.PerformableTree.perform(PerformableTree.java:398) [jbehave-core-4.3.2.jar:?]
	at org.jbehave.core.embedder.StoryManager$EnqueuedStory.call(StoryManager.java:292) [jbehave-core-4.3.2.jar:?]
	at org.jbehave.core.embedder.StoryManager$EnqueuedStory.call(StoryManager.java:266) [jbehave-core-4.3.2.jar:?]
	at java.util.concurrent.FutureTask.run(FutureTask.java:266) [?:1.8.0_112]
	at java.util.concurrent.ThreadPoolExecutor.runWorker(ThreadPoolExecutor.java:1142) [?:1.8.0_112]
	at java.util.concurrent.ThreadPoolExecutor$Worker.run(ThreadPoolExecutor.java:617) [?:1.8.0_112]
	at java.lang.Thread.run(Thread.java:745) [?:1.8.0_112]
[DEBUG] 2018-05-22 23:57:18.415 [pool-1-thread-1] BrowserFactory - Method called: getDriver
[INFO ] 2018-05-22 23:57:18.416 [pool-1-thread-1] BrowserFactory - Launching driver: googlechrome
[DEBUG] 2018-05-22 23:57:18.416 [pool-1-thread-1] BrowserFactory - Method called: createChromeDriver
